
main.elf:     file format elf32-littlearm

SYMBOL TABLE:
08000000 l    d  .isr_vector	00000000 .isr_vector
0800010c l    d  .text	00000000 .text
20000000 l    d  .data	00000000 .data
00000000 l    d  .comment	00000000 .comment
00000000 l    d  .ARM.attributes	00000000 .ARM.attributes
00000000 l    d  .debug_aranges	00000000 .debug_aranges
00000000 l    d  .debug_info	00000000 .debug_info
00000000 l    d  .debug_abbrev	00000000 .debug_abbrev
00000000 l    d  .debug_line	00000000 .debug_line
00000000 l    d  .debug_frame	00000000 .debug_frame
00000000 l    d  .debug_str	00000000 .debug_str
00000000 l    d  .debug_loc	00000000 .debug_loc
00000000 l    d  .debug_ranges	00000000 .debug_ranges
00000000 l    df *ABS*	00000000 /var/folders/8f/zhq2rlhx6sl47y8ztwk74bcr0000gn/T//ccheuObm.o
f108f85f l       *ABS*	00000000 BootRAM
08000e06 l       .text	00000000 LoopCopyDataInit
08000dfe l       .text	00000000 CopyDataInit
08000e1e l       .text	00000000 LoopFillZerobss
08000e18 l       .text	00000000 FillZerobss
08000e48 l       .text	00000000 Infinite_Loop
00000000 l    df *ABS*	00000000 stm32l1xx_gpio.c
00000000 l    df *ABS*	00000000 stm32l1xx_rcc.c
20000000 l     O .data	00000009 PLLMulTable
2000000c l     O .data	00000010 APBAHBPrescTable
00000000 l    df *ABS*	00000000 stm32l1xx_usart.c
00000000 l    df *ABS*	00000000 _udivsi3.o
08000b24 l       .text	00000000 .udivsi3_skip_div0_test
00000000 l    df *ABS*	00000000 _dvmd_tls.o
00000000 l    df *ABS*	00000000 main.c
00000000 l    df *ABS*	00000000 system_stm32l1xx.c
00000000 l    df *ABS*	00000000 init.c
00000000 l    df *ABS*	00000000 strlen.c
00000000 l    df *ABS*	00000000 /Users/nathanogates/Copy/Development/embedded/redux/gcc-arm/bin/../lib/gcc/arm-none-eabi/4.8.4/armv6-m/crti.o
00000000 l    df *ABS*	00000000 /Users/nathanogates/Copy/Development/embedded/redux/gcc-arm/bin/../lib/gcc/arm-none-eabi/4.8.4/armv6-m/crtn.o
00000000 l    df *ABS*	00000000 
2000001c l       .data	00000000 __exidx_end
00000000 l       *UND*	00000000 __fini_array_end
00000000 l       *UND*	00000000 malloc
00000000 l       *UND*	00000000 __bss_start__
2000001c l       .data	00000000 __exidx_start
00000000 l       *UND*	00000000 __deregister_frame_info
00000000 l       *UND*	00000000 __bss_end__
00000000 l       *UND*	00000000 software_init_hook
00000000 l       *UND*	00000000 __fini_array_start
00000000 l       *UND*	00000000 hardware_init_hook
00000000 l       *UND*	00000000 __libc_fini
00000000 l       *UND*	00000000 __stack
00000000 l       *UND*	00000000 _exit
00000000 l       *UND*	00000000 _Jv_RegisterClasses
00000000 l       *UND*	00000000 __register_frame_info
00000000 l       *UND*	00000000 free
08000e48  w    F .text	00000004 RTC_Alarm_IRQHandler
08000e48  w    F .text	00000004 EXTI2_IRQHandler
08000a00 g     F .text	00000012 USART_SetGuardTime
08000424 g     F .text	0000000c RCC_HSICmd
0800045c g     F .text	0000000c RCC_PLLCmd
08000e48  w    F .text	00000004 DebugMon_Handler
0800064c g     F .text	00000018 RCC_AHBPeriphResetCmd
08000324 g     F .text	00000024 GPIO_PinAFConfig
08000740 g     F .text	0000000c RCC_ClearITPendingBit
080002ec g     F .text	0000000c GPIO_ReadOutputDataBit
08000e48  w    F .text	00000004 HardFault_Handler
08000e48  w    F .text	00000004 TIM10_IRQHandler
08000e48  w    F .text	00000004 USB_HP_IRQHandler
08000e48  w    F .text	00000004 TIM6_IRQHandler
08000e48  w    F .text	00000004 SysTick_Handler
08000480 g     F .text	0000000c RCC_MCOConfig
08000e48  w    F .text	00000004 PVD_IRQHandler
08000ed0 g       .text	00000000 _sidata
08000e48  w    F .text	00000004 PendSV_Handler
08000e48  w    F .text	00000004 NMI_Handler
08000bc0 g     F .text	0000001c usart_write
08000e48  w    F .text	00000004 EXTI3_IRQHandler
080006dc g     F .text	00000018 RCC_ITConfig
08000694 g     F .text	00000018 RCC_AHBPeriphClockLPModeCmd
08000a14 g     F .text	00000018 USART_SmartCardCmd
08000ab8 g     F .text	0000000c USART_GetFlagStatus
08000ed0 g       .text	00000000 _etext
2000001c g       .data	00000000 _sbss
0800048c g     F .text	00000014 RCC_SYSCLKConfig
080003a0 g     F .text	0000003c RCC_WaitForHSEStartUp
08000974 g     F .text	00000010 USART_SetAddress
0800091c g     F .text	00000010 USART_SetPrescaler
08000948 g     F .text	0000001c USART_OneBitMethodCmd
08000468 g     F .text	0000000c RCC_ClockSecuritySystemCmd
08000e48  w    F .text	00000004 EXTI0_IRQHandler
08000e48  w    F .text	00000004 I2C2_EV_IRQHandler
08000718 g     F .text	00000014 RCC_ClearFlag
0800096c g     F .text	00000008 USART_ReceiveData
08000390 g     F .text	00000010 RCC_HSEConfig
08000b20 g     F .text	00000088 .hidden __udivsi3
08000318 g     F .text	0000000a GPIO_ToggleBits
08000e48  w    F .text	00000004 UsageFault_Handler
0800061c g     F .text	00000018 RCC_APB2PeriphClockCmd
080001f0 g     F .text	000000ae GPIO_Init
0800044c g     F .text	00000010 RCC_PLLConfig
20000000 g       .data	00000000 _sdata
08000e48  w    F .text	00000004 SPI1_IRQHandler
08000900 g     F .text	0000001c USART_Cmd
08000a54 g     F .text	00000018 USART_IrDACmd
08000314 g     F .text	00000004 GPIO_Write
080002f8 g     F .text	00000006 GPIO_ReadOutputData
08000430 g     F .text	00000010 RCC_LSEConfig
08000b10 g     F .text	0000000e USART_ClearITPendingBit
080005ec g     F .text	0000000c RCC_RTCCLKCmd
08000634 g     F .text	00000018 RCC_APB1PeriphClockCmd
0800072c g     F .text	00000014 RCC_GetITStatus
08000e48  w    F .text	00000004 USB_FS_WKUP_IRQHandler
08000e4c g     F .text	00000048 __libc_init_array
08000604 g     F .text	00000018 RCC_AHBPeriphClockCmd
08000e48  w    F .text	00000004 DMA1_Channel4_IRQHandler
08000e48  w    F .text	00000004 ADC1_IRQHandler
0800092c g     F .text	0000001a USART_OverSampling8Cmd
08000eb8 g     F .text	00000000 _init
08000bf8 g     F .text	00000018 usart_available
08000e48  w    F .text	00000004 USART3_IRQHandler
2000001c g       .data	00000000 _ebss
08000acc g     F .text	00000042 USART_GetITStatus
08000e48  w    F .text	00000004 DMA1_Channel7_IRQHandler
08000df8  w    F .text	0000003c Reset_Handler
080002e4 g     F .text	00000006 GPIO_ReadInputData
080009b0 g     F .text	00000010 USART_LINBreakDetectLengthConfig
08000e48  w    F .text	00000004 LCD_IRQHandler
080006f4 g     F .text	00000024 RCC_GetFlagStatus
08000300 g     F .text	00000004 GPIO_SetBits
08000e48  w    F .text	00000004 TIM4_IRQHandler
080004a0 g     F .text	00000010 RCC_GetSYSCLKSource
08000308 g     F .text	0000000c GPIO_WriteBit
08000e48  w    F .text	00000004 I2C1_EV_IRQHandler
08000c10 g     F .text	0000001e usart_print
080004f4 g     F .text	000000b8 RCC_GetClocksFreq
08000e48  w    F .text	00000004 DMA1_Channel6_IRQHandler
080006ac g     F .text	00000018 RCC_APB2PeriphClockLPModeCmd
080007f0 g     F .text	000000cc USART_Init
08000e48  w    F .text	00000004 TIM3_IRQHandler
08000e48  w    F .text	00000004 RCC_IRQHandler
2000001c g       .data	00000000 _bss
08000e48  w    F .text	00000004 DMA1_Channel1_IRQHandler
08000e48 g       .text	00000004 Default_Handler
080009e8 g     F .text	00000018 USART_HalfDuplexCmd
080005ac g     F .text	00000040 RCC_RTCCLKConfig
08000e48  w    F .text	00000004 EXTI15_10_IRQHandler
08000a80 g     F .text	00000038 USART_ITConfig
08000304 g     F .text	00000004 GPIO_ResetBits
08000e48  w    F .text	00000004 TIM7_IRQHandler
08000a44 g     F .text	00000010 USART_IrDAConfig
08000bbc  w    F .text	00000002 .hidden __aeabi_ldiv0
08000e48  w    F .text	00000004 EXTI9_5_IRQHandler
080003e8 g     F .text	00000018 RCC_MSIRangeConfig
08000e48  w    F .text	00000004 TIM9_IRQHandler
08000e48  w    F .text	00000004 TAMPER_STAMP_IRQHandler
08000e48  w    F .text	00000004 RTC_WKUP_IRQHandler
080006c4 g     F .text	00000018 RCC_APB1PeriphClockLPModeCmd
0800074c g     F .text	000000a4 USART_DeInit
08000e48  w    F .text	00000004 SPI2_IRQHandler
08000e48  w    F .text	00000004 MemManage_Handler
0800040c g     F .text	00000018 RCC_AdjustHSICalibrationValue
08000c30 g     F .text	000000b4 main
080008d4 g     F .text	00000020 USART_ClockInit
08000b20 g     F .text	00000000 .hidden __aeabi_uidiv
08000e48  w    F .text	00000004 SVC_Handler
080009dc g     F .text	0000000a USART_SendBreak
00000000  w      *UND*	00000000 __init_array_end
080004c4 g     F .text	00000018 RCC_PCLK1Config
08000bdc g     F .text	0000001c usart_read
08000e48  w    F .text	00000004 DMA1_Channel5_IRQHandler
08000e48  w    F .text	00000004 USB_LP_IRQHandler
08000e48  w    F .text	00000004 EXTI4_IRQHandler
080004dc g     F .text	00000018 RCC_PCLK2Config
08000ac4 g     F .text	00000008 USART_ClearFlag
08000ce4 g     F .text	00000114 SystemInit
0800010c g     F .text	000000e4 GPIO_DeInit
08000ec4 g     F .text	00000000 _fini
08000348 g     F .text	00000048 RCC_DeInit
08000e48  w    F .text	00000004 DMA1_Channel3_IRQHandler
08000e48  w    F .text	00000004 COMP_IRQHandler
00000000  w      *UND*	00000000 __preinit_array_end
08000e48  w    F .text	00000004 WWDG_IRQHandler
08000474 g     F .text	0000000c RCC_LSEClockSecuritySystemCmd
0800067c g     F .text	00000018 RCC_APB1PeriphResetCmd
20000000 g       .data	00000000 _data
08000e48  w    F .text	00000004 TIM2_IRQHandler
0800099c g     F .text	00000014 USART_WakeUpConfig
080002a0 g     F .text	00000014 GPIO_StructInit
20002000 g       *ABS*	00000000 _estack
08000964 g     F .text	00000008 USART_SendData
08000e48  w    F .text	00000004 DAC_IRQHandler
08000ba8 g     F .text	00000012 .hidden __aeabi_uidivmod
08000e48  w    F .text	00000004 EXTI1_IRQHandler
2000001c g       .data	00000000 _edata
08000984 g     F .text	00000018 USART_ReceiverWakeUpCmd
080005f8 g     F .text	0000000c RCC_RTCResetCmd
080008bc g     F .text	00000016 USART_StructInit
08000e48  w    F .text	00000004 TIM11_IRQHandler
08000e48  w    F .text	00000004 USART2_IRQHandler
08000a2c g     F .text	00000018 USART_SmartCardNACKCmd
08000000 g     O .isr_vector	00000000 g_pfnVectors
08000400 g     F .text	0000000c RCC_MSICmd
080009c0 g     F .text	0000001c USART_LINCmd
08000e48  w    F .text	00000004 I2C2_ER_IRQHandler
08000e48  w    F .text	00000004 DMA1_Channel2_IRQHandler
00000000  w      *UND*	00000000 __init_array_start
08000bbc  w    F .text	00000002 .hidden __aeabi_idiv0
08000e48  w    F .text	00000004 FLASH_IRQHandler
080002b4 g     F .text	00000024 GPIO_PinLockConfig
08000e48  w    F .text	00000004 BusFault_Handler
08000e48  w    F .text	00000004 USART1_IRQHandler
08000440 g     F .text	0000000c RCC_LSICmd
08000e94 g     F .text	0000000e strlen
080008f4 g     F .text	0000000c USART_ClockStructInit
08000664 g     F .text	00000018 RCC_APB2PeriphResetCmd
08000e48  w    F .text	00000004 I2C1_ER_IRQHandler
080003dc g     F .text	0000000c RCC_AdjustMSICalibrationValue
00000000  w      *UND*	00000000 __preinit_array_start
080002d8 g     F .text	0000000c GPIO_ReadInputDataBit
08000a6c g     F .text	00000012 USART_DMACmd
080004b0 g     F .text	00000014 RCC_HCLKConfig



Disassembly of section .text:

0800010c <GPIO_DeInit>:
 800010c:	b508      	push	{r3, lr}
 800010e:	4b30      	ldr	r3, [pc, #192]	; (80001d0 <GPIO_DeInit+0xc4>)
 8000110:	4298      	cmp	r0, r3
 8000112:	d01e      	beq.n	8000152 <GPIO_DeInit+0x46>
 8000114:	4b2f      	ldr	r3, [pc, #188]	; (80001d4 <GPIO_DeInit+0xc8>)
 8000116:	4298      	cmp	r0, r3
 8000118:	d024      	beq.n	8000164 <GPIO_DeInit+0x58>
 800011a:	4b2f      	ldr	r3, [pc, #188]	; (80001d8 <GPIO_DeInit+0xcc>)
 800011c:	4298      	cmp	r0, r3
 800011e:	d02a      	beq.n	8000176 <GPIO_DeInit+0x6a>
 8000120:	4b2e      	ldr	r3, [pc, #184]	; (80001dc <GPIO_DeInit+0xd0>)
 8000122:	4298      	cmp	r0, r3
 8000124:	d030      	beq.n	8000188 <GPIO_DeInit+0x7c>
 8000126:	4b2e      	ldr	r3, [pc, #184]	; (80001e0 <GPIO_DeInit+0xd4>)
 8000128:	4298      	cmp	r0, r3
 800012a:	d036      	beq.n	800019a <GPIO_DeInit+0x8e>
 800012c:	4b2d      	ldr	r3, [pc, #180]	; (80001e4 <GPIO_DeInit+0xd8>)
 800012e:	4298      	cmp	r0, r3
 8000130:	d03c      	beq.n	80001ac <GPIO_DeInit+0xa0>
 8000132:	4b2d      	ldr	r3, [pc, #180]	; (80001e8 <GPIO_DeInit+0xdc>)
 8000134:	4298      	cmp	r0, r3
 8000136:	d042      	beq.n	80001be <GPIO_DeInit+0xb2>
 8000138:	4b2c      	ldr	r3, [pc, #176]	; (80001ec <GPIO_DeInit+0xe0>)
 800013a:	4298      	cmp	r0, r3
 800013c:	d000      	beq.n	8000140 <GPIO_DeInit+0x34>
 800013e:	bd08      	pop	{r3, pc}
 8000140:	2020      	movs	r0, #32
 8000142:	2101      	movs	r1, #1
 8000144:	f000 fa82 	bl	800064c <RCC_AHBPeriphResetCmd>
 8000148:	2020      	movs	r0, #32
 800014a:	2100      	movs	r1, #0
 800014c:	f000 fa7e 	bl	800064c <RCC_AHBPeriphResetCmd>
 8000150:	e7f5      	b.n	800013e <GPIO_DeInit+0x32>
 8000152:	2001      	movs	r0, #1
 8000154:	2101      	movs	r1, #1
 8000156:	f000 fa79 	bl	800064c <RCC_AHBPeriphResetCmd>
 800015a:	2001      	movs	r0, #1
 800015c:	2100      	movs	r1, #0
 800015e:	f000 fa75 	bl	800064c <RCC_AHBPeriphResetCmd>
 8000162:	e7ec      	b.n	800013e <GPIO_DeInit+0x32>
 8000164:	2002      	movs	r0, #2
 8000166:	2101      	movs	r1, #1
 8000168:	f000 fa70 	bl	800064c <RCC_AHBPeriphResetCmd>
 800016c:	2002      	movs	r0, #2
 800016e:	2100      	movs	r1, #0
 8000170:	f000 fa6c 	bl	800064c <RCC_AHBPeriphResetCmd>
 8000174:	e7e3      	b.n	800013e <GPIO_DeInit+0x32>
 8000176:	2004      	movs	r0, #4
 8000178:	2101      	movs	r1, #1
 800017a:	f000 fa67 	bl	800064c <RCC_AHBPeriphResetCmd>
 800017e:	2004      	movs	r0, #4
 8000180:	2100      	movs	r1, #0
 8000182:	f000 fa63 	bl	800064c <RCC_AHBPeriphResetCmd>
 8000186:	e7da      	b.n	800013e <GPIO_DeInit+0x32>
 8000188:	2008      	movs	r0, #8
 800018a:	2101      	movs	r1, #1
 800018c:	f000 fa5e 	bl	800064c <RCC_AHBPeriphResetCmd>
 8000190:	2008      	movs	r0, #8
 8000192:	2100      	movs	r1, #0
 8000194:	f000 fa5a 	bl	800064c <RCC_AHBPeriphResetCmd>
 8000198:	e7d1      	b.n	800013e <GPIO_DeInit+0x32>
 800019a:	2010      	movs	r0, #16
 800019c:	2101      	movs	r1, #1
 800019e:	f000 fa55 	bl	800064c <RCC_AHBPeriphResetCmd>
 80001a2:	2010      	movs	r0, #16
 80001a4:	2100      	movs	r1, #0
 80001a6:	f000 fa51 	bl	800064c <RCC_AHBPeriphResetCmd>
 80001aa:	e7c8      	b.n	800013e <GPIO_DeInit+0x32>
 80001ac:	2040      	movs	r0, #64	; 0x40
 80001ae:	2101      	movs	r1, #1
 80001b0:	f000 fa4c 	bl	800064c <RCC_AHBPeriphResetCmd>
 80001b4:	2040      	movs	r0, #64	; 0x40
 80001b6:	2100      	movs	r1, #0
 80001b8:	f000 fa48 	bl	800064c <RCC_AHBPeriphResetCmd>
 80001bc:	e7bf      	b.n	800013e <GPIO_DeInit+0x32>
 80001be:	2080      	movs	r0, #128	; 0x80
 80001c0:	2101      	movs	r1, #1
 80001c2:	f000 fa43 	bl	800064c <RCC_AHBPeriphResetCmd>
 80001c6:	2080      	movs	r0, #128	; 0x80
 80001c8:	2100      	movs	r1, #0
 80001ca:	f000 fa3f 	bl	800064c <RCC_AHBPeriphResetCmd>
 80001ce:	e7b6      	b.n	800013e <GPIO_DeInit+0x32>
 80001d0:	40020000 	.word	0x40020000
 80001d4:	40020400 	.word	0x40020400
 80001d8:	40020800 	.word	0x40020800
 80001dc:	40020c00 	.word	0x40020c00
 80001e0:	40021000 	.word	0x40021000
 80001e4:	40021800 	.word	0x40021800
 80001e8:	40021c00 	.word	0x40021c00
 80001ec:	40021400 	.word	0x40021400

080001f0 <GPIO_Init>:
 80001f0:	b5f0      	push	{r4, r5, r6, r7, lr}
 80001f2:	4644      	mov	r4, r8
 80001f4:	465f      	mov	r7, fp
 80001f6:	4656      	mov	r6, sl
 80001f8:	464d      	mov	r5, r9
 80001fa:	b4f0      	push	{r4, r5, r6, r7}
 80001fc:	468c      	mov	ip, r1
 80001fe:	680f      	ldr	r7, [r1, #0]
 8000200:	2103      	movs	r1, #3
 8000202:	b083      	sub	sp, #12
 8000204:	2400      	movs	r4, #0
 8000206:	2300      	movs	r3, #0
 8000208:	2601      	movs	r6, #1
 800020a:	4688      	mov	r8, r1
 800020c:	e003      	b.n	8000216 <GPIO_Init+0x26>
 800020e:	3301      	adds	r3, #1
 8000210:	3402      	adds	r4, #2
 8000212:	2b10      	cmp	r3, #16
 8000214:	d026      	beq.n	8000264 <GPIO_Init+0x74>
 8000216:	1c32      	adds	r2, r6, #0
 8000218:	409a      	lsls	r2, r3
 800021a:	1c3d      	adds	r5, r7, #0
 800021c:	4015      	ands	r5, r2
 800021e:	4295      	cmp	r5, r2
 8000220:	d1f5      	bne.n	800020e <GPIO_Init+0x1e>
 8000222:	4642      	mov	r2, r8
 8000224:	6801      	ldr	r1, [r0, #0]
 8000226:	40a2      	lsls	r2, r4
 8000228:	43d2      	mvns	r2, r2
 800022a:	4011      	ands	r1, r2
 800022c:	6001      	str	r1, [r0, #0]
 800022e:	4661      	mov	r1, ip
 8000230:	7909      	ldrb	r1, [r1, #4]
 8000232:	4693      	mov	fp, r2
 8000234:	6802      	ldr	r2, [r0, #0]
 8000236:	9101      	str	r1, [sp, #4]
 8000238:	40a1      	lsls	r1, r4
 800023a:	4311      	orrs	r1, r2
 800023c:	6001      	str	r1, [r0, #0]
 800023e:	9901      	ldr	r1, [sp, #4]
 8000240:	3901      	subs	r1, #1
 8000242:	b2c9      	uxtb	r1, r1
 8000244:	2901      	cmp	r1, #1
 8000246:	d914      	bls.n	8000272 <GPIO_Init+0x82>
 8000248:	68c1      	ldr	r1, [r0, #12]
 800024a:	465a      	mov	r2, fp
 800024c:	400a      	ands	r2, r1
 800024e:	4665      	mov	r5, ip
 8000250:	60c2      	str	r2, [r0, #12]
 8000252:	79ea      	ldrb	r2, [r5, #7]
 8000254:	68c1      	ldr	r1, [r0, #12]
 8000256:	40a2      	lsls	r2, r4
 8000258:	430a      	orrs	r2, r1
 800025a:	3301      	adds	r3, #1
 800025c:	60c2      	str	r2, [r0, #12]
 800025e:	3402      	adds	r4, #2
 8000260:	2b10      	cmp	r3, #16
 8000262:	d1d8      	bne.n	8000216 <GPIO_Init+0x26>
 8000264:	b003      	add	sp, #12
 8000266:	bc3c      	pop	{r2, r3, r4, r5}
 8000268:	4690      	mov	r8, r2
 800026a:	4699      	mov	r9, r3
 800026c:	46a2      	mov	sl, r4
 800026e:	46ab      	mov	fp, r5
 8000270:	bdf0      	pop	{r4, r5, r6, r7, pc}
 8000272:	6881      	ldr	r1, [r0, #8]
 8000274:	465a      	mov	r2, fp
 8000276:	4011      	ands	r1, r2
 8000278:	4662      	mov	r2, ip
 800027a:	6081      	str	r1, [r0, #8]
 800027c:	7952      	ldrb	r2, [r2, #5]
 800027e:	6881      	ldr	r1, [r0, #8]
 8000280:	40a2      	lsls	r2, r4
 8000282:	4311      	orrs	r1, r2
 8000284:	6081      	str	r1, [r0, #8]
 8000286:	6841      	ldr	r1, [r0, #4]
 8000288:	4662      	mov	r2, ip
 800028a:	b289      	uxth	r1, r1
 800028c:	43a9      	bics	r1, r5
 800028e:	8081      	strh	r1, [r0, #4]
 8000290:	7991      	ldrb	r1, [r2, #6]
 8000292:	6845      	ldr	r5, [r0, #4]
 8000294:	4099      	lsls	r1, r3
 8000296:	4329      	orrs	r1, r5
 8000298:	b289      	uxth	r1, r1
 800029a:	8081      	strh	r1, [r0, #4]
 800029c:	e7d4      	b.n	8000248 <GPIO_Init+0x58>
 800029e:	46c0      	nop			; (mov r8, r8)

080002a0 <GPIO_StructInit>:
 80002a0:	4b03      	ldr	r3, [pc, #12]	; (80002b0 <GPIO_StructInit+0x10>)
 80002a2:	6003      	str	r3, [r0, #0]
 80002a4:	2300      	movs	r3, #0
 80002a6:	7103      	strb	r3, [r0, #4]
 80002a8:	7143      	strb	r3, [r0, #5]
 80002aa:	7183      	strb	r3, [r0, #6]
 80002ac:	71c3      	strb	r3, [r0, #7]
 80002ae:	4770      	bx	lr
 80002b0:	0000ffff 	.word	0x0000ffff

080002b4 <GPIO_PinLockConfig>:
 80002b4:	2380      	movs	r3, #128	; 0x80
 80002b6:	b082      	sub	sp, #8
 80002b8:	025b      	lsls	r3, r3, #9
 80002ba:	9301      	str	r3, [sp, #4]
 80002bc:	9b01      	ldr	r3, [sp, #4]
 80002be:	430b      	orrs	r3, r1
 80002c0:	9301      	str	r3, [sp, #4]
 80002c2:	9b01      	ldr	r3, [sp, #4]
 80002c4:	61c3      	str	r3, [r0, #28]
 80002c6:	61c1      	str	r1, [r0, #28]
 80002c8:	9b01      	ldr	r3, [sp, #4]
 80002ca:	61c3      	str	r3, [r0, #28]
 80002cc:	69c3      	ldr	r3, [r0, #28]
 80002ce:	9301      	str	r3, [sp, #4]
 80002d0:	69c3      	ldr	r3, [r0, #28]
 80002d2:	9301      	str	r3, [sp, #4]
 80002d4:	b002      	add	sp, #8
 80002d6:	4770      	bx	lr

080002d8 <GPIO_ReadInputDataBit>:
 80002d8:	6900      	ldr	r0, [r0, #16]
 80002da:	4008      	ands	r0, r1
 80002dc:	1e43      	subs	r3, r0, #1
 80002de:	4198      	sbcs	r0, r3
 80002e0:	b2c0      	uxtb	r0, r0
 80002e2:	4770      	bx	lr

080002e4 <GPIO_ReadInputData>:
 80002e4:	6900      	ldr	r0, [r0, #16]
 80002e6:	b280      	uxth	r0, r0
 80002e8:	4770      	bx	lr
 80002ea:	46c0      	nop			; (mov r8, r8)

080002ec <GPIO_ReadOutputDataBit>:
 80002ec:	6940      	ldr	r0, [r0, #20]
 80002ee:	4008      	ands	r0, r1
 80002f0:	1e43      	subs	r3, r0, #1
 80002f2:	4198      	sbcs	r0, r3
 80002f4:	b2c0      	uxtb	r0, r0
 80002f6:	4770      	bx	lr

080002f8 <GPIO_ReadOutputData>:
 80002f8:	6940      	ldr	r0, [r0, #20]
 80002fa:	b280      	uxth	r0, r0
 80002fc:	4770      	bx	lr
 80002fe:	46c0      	nop			; (mov r8, r8)

08000300 <GPIO_SetBits>:
 8000300:	8301      	strh	r1, [r0, #24]
 8000302:	4770      	bx	lr

08000304 <GPIO_ResetBits>:
 8000304:	8341      	strh	r1, [r0, #26]
 8000306:	4770      	bx	lr

08000308 <GPIO_WriteBit>:
 8000308:	2a00      	cmp	r2, #0
 800030a:	d101      	bne.n	8000310 <GPIO_WriteBit+0x8>
 800030c:	8341      	strh	r1, [r0, #26]
 800030e:	4770      	bx	lr
 8000310:	8301      	strh	r1, [r0, #24]
 8000312:	e7fc      	b.n	800030e <GPIO_WriteBit+0x6>

08000314 <GPIO_Write>:
 8000314:	8281      	strh	r1, [r0, #20]
 8000316:	4770      	bx	lr

08000318 <GPIO_ToggleBits>:
 8000318:	6943      	ldr	r3, [r0, #20]
 800031a:	b29b      	uxth	r3, r3
 800031c:	4059      	eors	r1, r3
 800031e:	8281      	strh	r1, [r0, #20]
 8000320:	4770      	bx	lr
 8000322:	46c0      	nop			; (mov r8, r8)

08000324 <GPIO_PinAFConfig>:
 8000324:	2307      	movs	r3, #7
 8000326:	400b      	ands	r3, r1
 8000328:	08c9      	lsrs	r1, r1, #3
 800032a:	0089      	lsls	r1, r1, #2
 800032c:	1840      	adds	r0, r0, r1
 800032e:	b510      	push	{r4, lr}
 8000330:	6a01      	ldr	r1, [r0, #32]
 8000332:	009b      	lsls	r3, r3, #2
 8000334:	240f      	movs	r4, #15
 8000336:	409c      	lsls	r4, r3
 8000338:	43a1      	bics	r1, r4
 800033a:	6201      	str	r1, [r0, #32]
 800033c:	6a01      	ldr	r1, [r0, #32]
 800033e:	409a      	lsls	r2, r3
 8000340:	1c13      	adds	r3, r2, #0
 8000342:	430b      	orrs	r3, r1
 8000344:	6203      	str	r3, [r0, #32]
 8000346:	bd10      	pop	{r4, pc}

08000348 <RCC_DeInit>:
 8000348:	4b0c      	ldr	r3, [pc, #48]	; (800037c <RCC_DeInit+0x34>)
 800034a:	2280      	movs	r2, #128	; 0x80
 800034c:	6819      	ldr	r1, [r3, #0]
 800034e:	0052      	lsls	r2, r2, #1
 8000350:	430a      	orrs	r2, r1
 8000352:	601a      	str	r2, [r3, #0]
 8000354:	6899      	ldr	r1, [r3, #8]
 8000356:	4a0a      	ldr	r2, [pc, #40]	; (8000380 <RCC_DeInit+0x38>)
 8000358:	400a      	ands	r2, r1
 800035a:	609a      	str	r2, [r3, #8]
 800035c:	6819      	ldr	r1, [r3, #0]
 800035e:	4a09      	ldr	r2, [pc, #36]	; (8000384 <RCC_DeInit+0x3c>)
 8000360:	400a      	ands	r2, r1
 8000362:	601a      	str	r2, [r3, #0]
 8000364:	6819      	ldr	r1, [r3, #0]
 8000366:	4a08      	ldr	r2, [pc, #32]	; (8000388 <RCC_DeInit+0x40>)
 8000368:	400a      	ands	r2, r1
 800036a:	601a      	str	r2, [r3, #0]
 800036c:	6899      	ldr	r1, [r3, #8]
 800036e:	4a07      	ldr	r2, [pc, #28]	; (800038c <RCC_DeInit+0x44>)
 8000370:	400a      	ands	r2, r1
 8000372:	609a      	str	r2, [r3, #8]
 8000374:	2200      	movs	r2, #0
 8000376:	60da      	str	r2, [r3, #12]
 8000378:	4770      	bx	lr
 800037a:	46c0      	nop			; (mov r8, r8)
 800037c:	40023800 	.word	0x40023800
 8000380:	88ffc00c 	.word	0x88ffc00c
 8000384:	eefefffe 	.word	0xeefefffe
 8000388:	fffbffff 	.word	0xfffbffff
 800038c:	ff02ffff 	.word	0xff02ffff

08000390 <RCC_HSEConfig>:
 8000390:	4b02      	ldr	r3, [pc, #8]	; (800039c <RCC_HSEConfig+0xc>)
 8000392:	2200      	movs	r2, #0
 8000394:	701a      	strb	r2, [r3, #0]
 8000396:	7018      	strb	r0, [r3, #0]
 8000398:	4770      	bx	lr
 800039a:	46c0      	nop			; (mov r8, r8)
 800039c:	40023802 	.word	0x40023802

080003a0 <RCC_WaitForHSEStartUp>:
 80003a0:	2300      	movs	r3, #0
 80003a2:	b082      	sub	sp, #8
 80003a4:	9301      	str	r3, [sp, #4]
 80003a6:	2280      	movs	r2, #128	; 0x80
 80003a8:	23a0      	movs	r3, #160	; 0xa0
 80003aa:	490b      	ldr	r1, [pc, #44]	; (80003d8 <RCC_WaitForHSEStartUp+0x38>)
 80003ac:	0292      	lsls	r2, r2, #10
 80003ae:	00d8      	lsls	r0, r3, #3
 80003b0:	680b      	ldr	r3, [r1, #0]
 80003b2:	4213      	tst	r3, r2
 80003b4:	d10b      	bne.n	80003ce <RCC_WaitForHSEStartUp+0x2e>
 80003b6:	9b01      	ldr	r3, [sp, #4]
 80003b8:	3301      	adds	r3, #1
 80003ba:	9301      	str	r3, [sp, #4]
 80003bc:	9b01      	ldr	r3, [sp, #4]
 80003be:	4283      	cmp	r3, r0
 80003c0:	d1f6      	bne.n	80003b0 <RCC_WaitForHSEStartUp+0x10>
 80003c2:	4b05      	ldr	r3, [pc, #20]	; (80003d8 <RCC_WaitForHSEStartUp+0x38>)
 80003c4:	6818      	ldr	r0, [r3, #0]
 80003c6:	0380      	lsls	r0, r0, #14
 80003c8:	0fc0      	lsrs	r0, r0, #31
 80003ca:	b002      	add	sp, #8
 80003cc:	4770      	bx	lr
 80003ce:	9b01      	ldr	r3, [sp, #4]
 80003d0:	3301      	adds	r3, #1
 80003d2:	9301      	str	r3, [sp, #4]
 80003d4:	9b01      	ldr	r3, [sp, #4]
 80003d6:	e7f4      	b.n	80003c2 <RCC_WaitForHSEStartUp+0x22>
 80003d8:	40023800 	.word	0x40023800

080003dc <RCC_AdjustMSICalibrationValue>:
 80003dc:	4b01      	ldr	r3, [pc, #4]	; (80003e4 <RCC_AdjustMSICalibrationValue+0x8>)
 80003de:	7018      	strb	r0, [r3, #0]
 80003e0:	4770      	bx	lr
 80003e2:	46c0      	nop			; (mov r8, r8)
 80003e4:	40023807 	.word	0x40023807

080003e8 <RCC_MSIRangeConfig>:
 80003e8:	4b03      	ldr	r3, [pc, #12]	; (80003f8 <RCC_MSIRangeConfig+0x10>)
 80003ea:	4a04      	ldr	r2, [pc, #16]	; (80003fc <RCC_MSIRangeConfig+0x14>)
 80003ec:	6859      	ldr	r1, [r3, #4]
 80003ee:	400a      	ands	r2, r1
 80003f0:	4310      	orrs	r0, r2
 80003f2:	6058      	str	r0, [r3, #4]
 80003f4:	4770      	bx	lr
 80003f6:	46c0      	nop			; (mov r8, r8)
 80003f8:	40023800 	.word	0x40023800
 80003fc:	ffff1fff 	.word	0xffff1fff

08000400 <RCC_MSICmd>:
 8000400:	4b01      	ldr	r3, [pc, #4]	; (8000408 <RCC_MSICmd+0x8>)
 8000402:	6018      	str	r0, [r3, #0]
 8000404:	4770      	bx	lr
 8000406:	46c0      	nop			; (mov r8, r8)
 8000408:	42470020 	.word	0x42470020

0800040c <RCC_AdjustHSICalibrationValue>:
 800040c:	4b03      	ldr	r3, [pc, #12]	; (800041c <RCC_AdjustHSICalibrationValue+0x10>)
 800040e:	4a04      	ldr	r2, [pc, #16]	; (8000420 <RCC_AdjustHSICalibrationValue+0x14>)
 8000410:	6859      	ldr	r1, [r3, #4]
 8000412:	0200      	lsls	r0, r0, #8
 8000414:	400a      	ands	r2, r1
 8000416:	4310      	orrs	r0, r2
 8000418:	6058      	str	r0, [r3, #4]
 800041a:	4770      	bx	lr
 800041c:	40023800 	.word	0x40023800
 8000420:	ffffe0ff 	.word	0xffffe0ff

08000424 <RCC_HSICmd>:
 8000424:	4b01      	ldr	r3, [pc, #4]	; (800042c <RCC_HSICmd+0x8>)
 8000426:	6018      	str	r0, [r3, #0]
 8000428:	4770      	bx	lr
 800042a:	46c0      	nop			; (mov r8, r8)
 800042c:	42470000 	.word	0x42470000

08000430 <RCC_LSEConfig>:
 8000430:	4b02      	ldr	r3, [pc, #8]	; (800043c <RCC_LSEConfig+0xc>)
 8000432:	2200      	movs	r2, #0
 8000434:	701a      	strb	r2, [r3, #0]
 8000436:	7018      	strb	r0, [r3, #0]
 8000438:	4770      	bx	lr
 800043a:	46c0      	nop			; (mov r8, r8)
 800043c:	40023835 	.word	0x40023835

08000440 <RCC_LSICmd>:
 8000440:	4b01      	ldr	r3, [pc, #4]	; (8000448 <RCC_LSICmd+0x8>)
 8000442:	6018      	str	r0, [r3, #0]
 8000444:	4770      	bx	lr
 8000446:	46c0      	nop			; (mov r8, r8)
 8000448:	42470680 	.word	0x42470680

0800044c <RCC_PLLConfig>:
 800044c:	4310      	orrs	r0, r2
 800044e:	4b02      	ldr	r3, [pc, #8]	; (8000458 <RCC_PLLConfig+0xc>)
 8000450:	4301      	orrs	r1, r0
 8000452:	7019      	strb	r1, [r3, #0]
 8000454:	4770      	bx	lr
 8000456:	46c0      	nop			; (mov r8, r8)
 8000458:	4002380a 	.word	0x4002380a

0800045c <RCC_PLLCmd>:
 800045c:	4b01      	ldr	r3, [pc, #4]	; (8000464 <RCC_PLLCmd+0x8>)
 800045e:	6018      	str	r0, [r3, #0]
 8000460:	4770      	bx	lr
 8000462:	46c0      	nop			; (mov r8, r8)
 8000464:	42470060 	.word	0x42470060

08000468 <RCC_ClockSecuritySystemCmd>:
 8000468:	4b01      	ldr	r3, [pc, #4]	; (8000470 <RCC_ClockSecuritySystemCmd+0x8>)
 800046a:	6018      	str	r0, [r3, #0]
 800046c:	4770      	bx	lr
 800046e:	46c0      	nop			; (mov r8, r8)
 8000470:	42470070 	.word	0x42470070

08000474 <RCC_LSEClockSecuritySystemCmd>:
 8000474:	4b01      	ldr	r3, [pc, #4]	; (800047c <RCC_LSEClockSecuritySystemCmd+0x8>)
 8000476:	6018      	str	r0, [r3, #0]
 8000478:	4770      	bx	lr
 800047a:	46c0      	nop			; (mov r8, r8)
 800047c:	424706ac 	.word	0x424706ac

08000480 <RCC_MCOConfig>:
 8000480:	4b01      	ldr	r3, [pc, #4]	; (8000488 <RCC_MCOConfig+0x8>)
 8000482:	4308      	orrs	r0, r1
 8000484:	7018      	strb	r0, [r3, #0]
 8000486:	4770      	bx	lr
 8000488:	4002380b 	.word	0x4002380b

0800048c <RCC_SYSCLKConfig>:
 800048c:	4b03      	ldr	r3, [pc, #12]	; (800049c <RCC_SYSCLKConfig+0x10>)
 800048e:	2103      	movs	r1, #3
 8000490:	689a      	ldr	r2, [r3, #8]
 8000492:	438a      	bics	r2, r1
 8000494:	4310      	orrs	r0, r2
 8000496:	6098      	str	r0, [r3, #8]
 8000498:	4770      	bx	lr
 800049a:	46c0      	nop			; (mov r8, r8)
 800049c:	40023800 	.word	0x40023800

080004a0 <RCC_GetSYSCLKSource>:
 80004a0:	4b02      	ldr	r3, [pc, #8]	; (80004ac <RCC_GetSYSCLKSource+0xc>)
 80004a2:	200c      	movs	r0, #12
 80004a4:	689b      	ldr	r3, [r3, #8]
 80004a6:	4018      	ands	r0, r3
 80004a8:	4770      	bx	lr
 80004aa:	46c0      	nop			; (mov r8, r8)
 80004ac:	40023800 	.word	0x40023800

080004b0 <RCC_HCLKConfig>:
 80004b0:	4b03      	ldr	r3, [pc, #12]	; (80004c0 <RCC_HCLKConfig+0x10>)
 80004b2:	21f0      	movs	r1, #240	; 0xf0
 80004b4:	689a      	ldr	r2, [r3, #8]
 80004b6:	438a      	bics	r2, r1
 80004b8:	4310      	orrs	r0, r2
 80004ba:	6098      	str	r0, [r3, #8]
 80004bc:	4770      	bx	lr
 80004be:	46c0      	nop			; (mov r8, r8)
 80004c0:	40023800 	.word	0x40023800

080004c4 <RCC_PCLK1Config>:
 80004c4:	4b03      	ldr	r3, [pc, #12]	; (80004d4 <RCC_PCLK1Config+0x10>)
 80004c6:	4a04      	ldr	r2, [pc, #16]	; (80004d8 <RCC_PCLK1Config+0x14>)
 80004c8:	6899      	ldr	r1, [r3, #8]
 80004ca:	400a      	ands	r2, r1
 80004cc:	4310      	orrs	r0, r2
 80004ce:	6098      	str	r0, [r3, #8]
 80004d0:	4770      	bx	lr
 80004d2:	46c0      	nop			; (mov r8, r8)
 80004d4:	40023800 	.word	0x40023800
 80004d8:	fffff8ff 	.word	0xfffff8ff

080004dc <RCC_PCLK2Config>:
 80004dc:	4b03      	ldr	r3, [pc, #12]	; (80004ec <RCC_PCLK2Config+0x10>)
 80004de:	4a04      	ldr	r2, [pc, #16]	; (80004f0 <RCC_PCLK2Config+0x14>)
 80004e0:	6899      	ldr	r1, [r3, #8]
 80004e2:	00c0      	lsls	r0, r0, #3
 80004e4:	400a      	ands	r2, r1
 80004e6:	4310      	orrs	r0, r2
 80004e8:	6098      	str	r0, [r3, #8]
 80004ea:	4770      	bx	lr
 80004ec:	40023800 	.word	0x40023800
 80004f0:	ffffc7ff 	.word	0xffffc7ff

080004f4 <RCC_GetClocksFreq>:
 80004f4:	4a29      	ldr	r2, [pc, #164]	; (800059c <RCC_GetClocksFreq+0xa8>)
 80004f6:	b538      	push	{r3, r4, r5, lr}
 80004f8:	6893      	ldr	r3, [r2, #8]
 80004fa:	210c      	movs	r1, #12
 80004fc:	1c04      	adds	r4, r0, #0
 80004fe:	400b      	ands	r3, r1
 8000500:	2b04      	cmp	r3, #4
 8000502:	d041      	beq.n	8000588 <RCC_GetClocksFreq+0x94>
 8000504:	d931      	bls.n	800056a <RCC_GetClocksFreq+0x76>
 8000506:	2b08      	cmp	r3, #8
 8000508:	d014      	beq.n	8000534 <RCC_GetClocksFreq+0x40>
 800050a:	2b0c      	cmp	r3, #12
 800050c:	d139      	bne.n	8000582 <RCC_GetClocksFreq+0x8e>
 800050e:	6893      	ldr	r3, [r2, #8]
 8000510:	4d23      	ldr	r5, [pc, #140]	; (80005a0 <RCC_GetClocksFreq+0xac>)
 8000512:	6891      	ldr	r1, [r2, #8]
 8000514:	029b      	lsls	r3, r3, #10
 8000516:	0f1b      	lsrs	r3, r3, #28
 8000518:	5ceb      	ldrb	r3, [r5, r3]
 800051a:	0209      	lsls	r1, r1, #8
 800051c:	6892      	ldr	r2, [r2, #8]
 800051e:	0f89      	lsrs	r1, r1, #30
 8000520:	b2db      	uxtb	r3, r3
 8000522:	3101      	adds	r1, #1
 8000524:	03d0      	lsls	r0, r2, #15
 8000526:	d433      	bmi.n	8000590 <RCC_GetClocksFreq+0x9c>
 8000528:	481e      	ldr	r0, [pc, #120]	; (80005a4 <RCC_GetClocksFreq+0xb0>)
 800052a:	4358      	muls	r0, r3
 800052c:	f000 faf8 	bl	8000b20 <__aeabi_uidiv>
 8000530:	6020      	str	r0, [r4, #0]
 8000532:	e002      	b.n	800053a <RCC_GetClocksFreq+0x46>
 8000534:	481c      	ldr	r0, [pc, #112]	; (80005a8 <RCC_GetClocksFreq+0xb4>)
 8000536:	4d1a      	ldr	r5, [pc, #104]	; (80005a0 <RCC_GetClocksFreq+0xac>)
 8000538:	6020      	str	r0, [r4, #0]
 800053a:	4b18      	ldr	r3, [pc, #96]	; (800059c <RCC_GetClocksFreq+0xa8>)
 800053c:	689a      	ldr	r2, [r3, #8]
 800053e:	0612      	lsls	r2, r2, #24
 8000540:	0f12      	lsrs	r2, r2, #28
 8000542:	18aa      	adds	r2, r5, r2
 8000544:	7b12      	ldrb	r2, [r2, #12]
 8000546:	40d0      	lsrs	r0, r2
 8000548:	6060      	str	r0, [r4, #4]
 800054a:	689a      	ldr	r2, [r3, #8]
 800054c:	1c01      	adds	r1, r0, #0
 800054e:	0552      	lsls	r2, r2, #21
 8000550:	0f52      	lsrs	r2, r2, #29
 8000552:	18aa      	adds	r2, r5, r2
 8000554:	7b12      	ldrb	r2, [r2, #12]
 8000556:	40d1      	lsrs	r1, r2
 8000558:	60a1      	str	r1, [r4, #8]
 800055a:	689b      	ldr	r3, [r3, #8]
 800055c:	049b      	lsls	r3, r3, #18
 800055e:	0f5b      	lsrs	r3, r3, #29
 8000560:	18ed      	adds	r5, r5, r3
 8000562:	7b2b      	ldrb	r3, [r5, #12]
 8000564:	40d8      	lsrs	r0, r3
 8000566:	60e0      	str	r0, [r4, #12]
 8000568:	bd38      	pop	{r3, r4, r5, pc}
 800056a:	2b00      	cmp	r3, #0
 800056c:	d109      	bne.n	8000582 <RCC_GetClocksFreq+0x8e>
 800056e:	6853      	ldr	r3, [r2, #4]
 8000570:	041b      	lsls	r3, r3, #16
 8000572:	0f5b      	lsrs	r3, r3, #29
 8000574:	2080      	movs	r0, #128	; 0x80
 8000576:	3301      	adds	r3, #1
 8000578:	0200      	lsls	r0, r0, #8
 800057a:	4098      	lsls	r0, r3
 800057c:	6020      	str	r0, [r4, #0]
 800057e:	4d08      	ldr	r5, [pc, #32]	; (80005a0 <RCC_GetClocksFreq+0xac>)
 8000580:	e7db      	b.n	800053a <RCC_GetClocksFreq+0x46>
 8000582:	4b06      	ldr	r3, [pc, #24]	; (800059c <RCC_GetClocksFreq+0xa8>)
 8000584:	685b      	ldr	r3, [r3, #4]
 8000586:	e7f3      	b.n	8000570 <RCC_GetClocksFreq+0x7c>
 8000588:	4806      	ldr	r0, [pc, #24]	; (80005a4 <RCC_GetClocksFreq+0xb0>)
 800058a:	4d05      	ldr	r5, [pc, #20]	; (80005a0 <RCC_GetClocksFreq+0xac>)
 800058c:	6020      	str	r0, [r4, #0]
 800058e:	e7d4      	b.n	800053a <RCC_GetClocksFreq+0x46>
 8000590:	4805      	ldr	r0, [pc, #20]	; (80005a8 <RCC_GetClocksFreq+0xb4>)
 8000592:	4358      	muls	r0, r3
 8000594:	f000 fac4 	bl	8000b20 <__aeabi_uidiv>
 8000598:	6020      	str	r0, [r4, #0]
 800059a:	e7ce      	b.n	800053a <RCC_GetClocksFreq+0x46>
 800059c:	40023800 	.word	0x40023800
 80005a0:	20000000 	.word	0x20000000
 80005a4:	00f42400 	.word	0x00f42400
 80005a8:	007a1200 	.word	0x007a1200

080005ac <RCC_RTCCLKConfig>:
 80005ac:	23c0      	movs	r3, #192	; 0xc0
 80005ae:	029b      	lsls	r3, r3, #10
 80005b0:	1c02      	adds	r2, r0, #0
 80005b2:	b510      	push	{r4, lr}
 80005b4:	401a      	ands	r2, r3
 80005b6:	429a      	cmp	r2, r3
 80005b8:	d108      	bne.n	80005cc <RCC_RTCCLKConfig+0x20>
 80005ba:	4b09      	ldr	r3, [pc, #36]	; (80005e0 <RCC_RTCCLKConfig+0x34>)
 80005bc:	4909      	ldr	r1, [pc, #36]	; (80005e4 <RCC_RTCCLKConfig+0x38>)
 80005be:	681c      	ldr	r4, [r3, #0]
 80005c0:	4021      	ands	r1, r4
 80005c2:	24c0      	movs	r4, #192	; 0xc0
 80005c4:	05e4      	lsls	r4, r4, #23
 80005c6:	4020      	ands	r0, r4
 80005c8:	4308      	orrs	r0, r1
 80005ca:	6018      	str	r0, [r3, #0]
 80005cc:	4b04      	ldr	r3, [pc, #16]	; (80005e0 <RCC_RTCCLKConfig+0x34>)
 80005ce:	4906      	ldr	r1, [pc, #24]	; (80005e8 <RCC_RTCCLKConfig+0x3c>)
 80005d0:	6b58      	ldr	r0, [r3, #52]	; 0x34
 80005d2:	4001      	ands	r1, r0
 80005d4:	6359      	str	r1, [r3, #52]	; 0x34
 80005d6:	6b59      	ldr	r1, [r3, #52]	; 0x34
 80005d8:	430a      	orrs	r2, r1
 80005da:	635a      	str	r2, [r3, #52]	; 0x34
 80005dc:	bd10      	pop	{r4, pc}
 80005de:	46c0      	nop			; (mov r8, r8)
 80005e0:	40023800 	.word	0x40023800
 80005e4:	9fffffff 	.word	0x9fffffff
 80005e8:	fffcffff 	.word	0xfffcffff

080005ec <RCC_RTCCLKCmd>:
 80005ec:	4b01      	ldr	r3, [pc, #4]	; (80005f4 <RCC_RTCCLKCmd+0x8>)
 80005ee:	6018      	str	r0, [r3, #0]
 80005f0:	4770      	bx	lr
 80005f2:	46c0      	nop			; (mov r8, r8)
 80005f4:	424706d8 	.word	0x424706d8

080005f8 <RCC_RTCResetCmd>:
 80005f8:	4b01      	ldr	r3, [pc, #4]	; (8000600 <RCC_RTCResetCmd+0x8>)
 80005fa:	6018      	str	r0, [r3, #0]
 80005fc:	4770      	bx	lr
 80005fe:	46c0      	nop			; (mov r8, r8)
 8000600:	424706dc 	.word	0x424706dc

08000604 <RCC_AHBPeriphClockCmd>:
 8000604:	4b04      	ldr	r3, [pc, #16]	; (8000618 <RCC_AHBPeriphClockCmd+0x14>)
 8000606:	69da      	ldr	r2, [r3, #28]
 8000608:	2900      	cmp	r1, #0
 800060a:	d102      	bne.n	8000612 <RCC_AHBPeriphClockCmd+0xe>
 800060c:	4382      	bics	r2, r0
 800060e:	61da      	str	r2, [r3, #28]
 8000610:	4770      	bx	lr
 8000612:	4310      	orrs	r0, r2
 8000614:	61d8      	str	r0, [r3, #28]
 8000616:	e7fb      	b.n	8000610 <RCC_AHBPeriphClockCmd+0xc>
 8000618:	40023800 	.word	0x40023800

0800061c <RCC_APB2PeriphClockCmd>:
 800061c:	4b04      	ldr	r3, [pc, #16]	; (8000630 <RCC_APB2PeriphClockCmd+0x14>)
 800061e:	6a1a      	ldr	r2, [r3, #32]
 8000620:	2900      	cmp	r1, #0
 8000622:	d102      	bne.n	800062a <RCC_APB2PeriphClockCmd+0xe>
 8000624:	4382      	bics	r2, r0
 8000626:	621a      	str	r2, [r3, #32]
 8000628:	4770      	bx	lr
 800062a:	4310      	orrs	r0, r2
 800062c:	6218      	str	r0, [r3, #32]
 800062e:	e7fb      	b.n	8000628 <RCC_APB2PeriphClockCmd+0xc>
 8000630:	40023800 	.word	0x40023800

08000634 <RCC_APB1PeriphClockCmd>:
 8000634:	4b04      	ldr	r3, [pc, #16]	; (8000648 <RCC_APB1PeriphClockCmd+0x14>)
 8000636:	6a5a      	ldr	r2, [r3, #36]	; 0x24
 8000638:	2900      	cmp	r1, #0
 800063a:	d102      	bne.n	8000642 <RCC_APB1PeriphClockCmd+0xe>
 800063c:	4382      	bics	r2, r0
 800063e:	625a      	str	r2, [r3, #36]	; 0x24
 8000640:	4770      	bx	lr
 8000642:	4310      	orrs	r0, r2
 8000644:	6258      	str	r0, [r3, #36]	; 0x24
 8000646:	e7fb      	b.n	8000640 <RCC_APB1PeriphClockCmd+0xc>
 8000648:	40023800 	.word	0x40023800

0800064c <RCC_AHBPeriphResetCmd>:
 800064c:	4b04      	ldr	r3, [pc, #16]	; (8000660 <RCC_AHBPeriphResetCmd+0x14>)
 800064e:	691a      	ldr	r2, [r3, #16]
 8000650:	2900      	cmp	r1, #0
 8000652:	d102      	bne.n	800065a <RCC_AHBPeriphResetCmd+0xe>
 8000654:	4382      	bics	r2, r0
 8000656:	611a      	str	r2, [r3, #16]
 8000658:	4770      	bx	lr
 800065a:	4310      	orrs	r0, r2
 800065c:	6118      	str	r0, [r3, #16]
 800065e:	e7fb      	b.n	8000658 <RCC_AHBPeriphResetCmd+0xc>
 8000660:	40023800 	.word	0x40023800

08000664 <RCC_APB2PeriphResetCmd>:
 8000664:	4b04      	ldr	r3, [pc, #16]	; (8000678 <RCC_APB2PeriphResetCmd+0x14>)
 8000666:	695a      	ldr	r2, [r3, #20]
 8000668:	2900      	cmp	r1, #0
 800066a:	d102      	bne.n	8000672 <RCC_APB2PeriphResetCmd+0xe>
 800066c:	4382      	bics	r2, r0
 800066e:	615a      	str	r2, [r3, #20]
 8000670:	4770      	bx	lr
 8000672:	4310      	orrs	r0, r2
 8000674:	6158      	str	r0, [r3, #20]
 8000676:	e7fb      	b.n	8000670 <RCC_APB2PeriphResetCmd+0xc>
 8000678:	40023800 	.word	0x40023800

0800067c <RCC_APB1PeriphResetCmd>:
 800067c:	4b04      	ldr	r3, [pc, #16]	; (8000690 <RCC_APB1PeriphResetCmd+0x14>)
 800067e:	699a      	ldr	r2, [r3, #24]
 8000680:	2900      	cmp	r1, #0
 8000682:	d102      	bne.n	800068a <RCC_APB1PeriphResetCmd+0xe>
 8000684:	4382      	bics	r2, r0
 8000686:	619a      	str	r2, [r3, #24]
 8000688:	4770      	bx	lr
 800068a:	4310      	orrs	r0, r2
 800068c:	6198      	str	r0, [r3, #24]
 800068e:	e7fb      	b.n	8000688 <RCC_APB1PeriphResetCmd+0xc>
 8000690:	40023800 	.word	0x40023800

08000694 <RCC_AHBPeriphClockLPModeCmd>:
 8000694:	4b04      	ldr	r3, [pc, #16]	; (80006a8 <RCC_AHBPeriphClockLPModeCmd+0x14>)
 8000696:	6a9a      	ldr	r2, [r3, #40]	; 0x28
 8000698:	2900      	cmp	r1, #0
 800069a:	d102      	bne.n	80006a2 <RCC_AHBPeriphClockLPModeCmd+0xe>
 800069c:	4382      	bics	r2, r0
 800069e:	629a      	str	r2, [r3, #40]	; 0x28
 80006a0:	4770      	bx	lr
 80006a2:	4310      	orrs	r0, r2
 80006a4:	6298      	str	r0, [r3, #40]	; 0x28
 80006a6:	e7fb      	b.n	80006a0 <RCC_AHBPeriphClockLPModeCmd+0xc>
 80006a8:	40023800 	.word	0x40023800

080006ac <RCC_APB2PeriphClockLPModeCmd>:
 80006ac:	4b04      	ldr	r3, [pc, #16]	; (80006c0 <RCC_APB2PeriphClockLPModeCmd+0x14>)
 80006ae:	6ada      	ldr	r2, [r3, #44]	; 0x2c
 80006b0:	2900      	cmp	r1, #0
 80006b2:	d102      	bne.n	80006ba <RCC_APB2PeriphClockLPModeCmd+0xe>
 80006b4:	4382      	bics	r2, r0
 80006b6:	62da      	str	r2, [r3, #44]	; 0x2c
 80006b8:	4770      	bx	lr
 80006ba:	4310      	orrs	r0, r2
 80006bc:	62d8      	str	r0, [r3, #44]	; 0x2c
 80006be:	e7fb      	b.n	80006b8 <RCC_APB2PeriphClockLPModeCmd+0xc>
 80006c0:	40023800 	.word	0x40023800

080006c4 <RCC_APB1PeriphClockLPModeCmd>:
 80006c4:	4b04      	ldr	r3, [pc, #16]	; (80006d8 <RCC_APB1PeriphClockLPModeCmd+0x14>)
 80006c6:	6b1a      	ldr	r2, [r3, #48]	; 0x30
 80006c8:	2900      	cmp	r1, #0
 80006ca:	d102      	bne.n	80006d2 <RCC_APB1PeriphClockLPModeCmd+0xe>
 80006cc:	4382      	bics	r2, r0
 80006ce:	631a      	str	r2, [r3, #48]	; 0x30
 80006d0:	4770      	bx	lr
 80006d2:	4310      	orrs	r0, r2
 80006d4:	6318      	str	r0, [r3, #48]	; 0x30
 80006d6:	e7fb      	b.n	80006d0 <RCC_APB1PeriphClockLPModeCmd+0xc>
 80006d8:	40023800 	.word	0x40023800

080006dc <RCC_ITConfig>:
 80006dc:	4b04      	ldr	r3, [pc, #16]	; (80006f0 <RCC_ITConfig+0x14>)
 80006de:	781a      	ldrb	r2, [r3, #0]
 80006e0:	2900      	cmp	r1, #0
 80006e2:	d102      	bne.n	80006ea <RCC_ITConfig+0xe>
 80006e4:	4382      	bics	r2, r0
 80006e6:	701a      	strb	r2, [r3, #0]
 80006e8:	4770      	bx	lr
 80006ea:	4310      	orrs	r0, r2
 80006ec:	7018      	strb	r0, [r3, #0]
 80006ee:	e7fb      	b.n	80006e8 <RCC_ITConfig+0xc>
 80006f0:	4002380d 	.word	0x4002380d

080006f4 <RCC_GetFlagStatus>:
 80006f4:	0943      	lsrs	r3, r0, #5
 80006f6:	2b01      	cmp	r3, #1
 80006f8:	d008      	beq.n	800070c <RCC_GetFlagStatus+0x18>
 80006fa:	4b06      	ldr	r3, [pc, #24]	; (8000714 <RCC_GetFlagStatus+0x20>)
 80006fc:	6b5b      	ldr	r3, [r3, #52]	; 0x34
 80006fe:	221f      	movs	r2, #31
 8000700:	4010      	ands	r0, r2
 8000702:	40c3      	lsrs	r3, r0
 8000704:	1c18      	adds	r0, r3, #0
 8000706:	2301      	movs	r3, #1
 8000708:	4018      	ands	r0, r3
 800070a:	4770      	bx	lr
 800070c:	4b01      	ldr	r3, [pc, #4]	; (8000714 <RCC_GetFlagStatus+0x20>)
 800070e:	681b      	ldr	r3, [r3, #0]
 8000710:	e7f5      	b.n	80006fe <RCC_GetFlagStatus+0xa>
 8000712:	46c0      	nop			; (mov r8, r8)
 8000714:	40023800 	.word	0x40023800

08000718 <RCC_ClearFlag>:
 8000718:	4b03      	ldr	r3, [pc, #12]	; (8000728 <RCC_ClearFlag+0x10>)
 800071a:	2280      	movs	r2, #128	; 0x80
 800071c:	6b59      	ldr	r1, [r3, #52]	; 0x34
 800071e:	0452      	lsls	r2, r2, #17
 8000720:	430a      	orrs	r2, r1
 8000722:	635a      	str	r2, [r3, #52]	; 0x34
 8000724:	4770      	bx	lr
 8000726:	46c0      	nop			; (mov r8, r8)
 8000728:	40023800 	.word	0x40023800

0800072c <RCC_GetITStatus>:
 800072c:	4b03      	ldr	r3, [pc, #12]	; (800073c <RCC_GetITStatus+0x10>)
 800072e:	68db      	ldr	r3, [r3, #12]
 8000730:	4018      	ands	r0, r3
 8000732:	1e43      	subs	r3, r0, #1
 8000734:	4198      	sbcs	r0, r3
 8000736:	b2c0      	uxtb	r0, r0
 8000738:	4770      	bx	lr
 800073a:	46c0      	nop			; (mov r8, r8)
 800073c:	40023800 	.word	0x40023800

08000740 <RCC_ClearITPendingBit>:
 8000740:	4b01      	ldr	r3, [pc, #4]	; (8000748 <RCC_ClearITPendingBit+0x8>)
 8000742:	7018      	strb	r0, [r3, #0]
 8000744:	4770      	bx	lr
 8000746:	46c0      	nop			; (mov r8, r8)
 8000748:	4002380e 	.word	0x4002380e

0800074c <USART_DeInit>:
 800074c:	b508      	push	{r3, lr}
 800074e:	4b23      	ldr	r3, [pc, #140]	; (80007dc <USART_DeInit+0x90>)
 8000750:	4298      	cmp	r0, r3
 8000752:	d017      	beq.n	8000784 <USART_DeInit+0x38>
 8000754:	4b22      	ldr	r3, [pc, #136]	; (80007e0 <USART_DeInit+0x94>)
 8000756:	4298      	cmp	r0, r3
 8000758:	d01f      	beq.n	800079a <USART_DeInit+0x4e>
 800075a:	4b22      	ldr	r3, [pc, #136]	; (80007e4 <USART_DeInit+0x98>)
 800075c:	4298      	cmp	r0, r3
 800075e:	d027      	beq.n	80007b0 <USART_DeInit+0x64>
 8000760:	4b21      	ldr	r3, [pc, #132]	; (80007e8 <USART_DeInit+0x9c>)
 8000762:	4298      	cmp	r0, r3
 8000764:	d02f      	beq.n	80007c6 <USART_DeInit+0x7a>
 8000766:	4b21      	ldr	r3, [pc, #132]	; (80007ec <USART_DeInit+0xa0>)
 8000768:	4298      	cmp	r0, r3
 800076a:	d000      	beq.n	800076e <USART_DeInit+0x22>
 800076c:	bd08      	pop	{r3, pc}
 800076e:	2080      	movs	r0, #128	; 0x80
 8000770:	0340      	lsls	r0, r0, #13
 8000772:	2101      	movs	r1, #1
 8000774:	f7ff ff82 	bl	800067c <RCC_APB1PeriphResetCmd>
 8000778:	2080      	movs	r0, #128	; 0x80
 800077a:	0340      	lsls	r0, r0, #13
 800077c:	2100      	movs	r1, #0
 800077e:	f7ff ff7d 	bl	800067c <RCC_APB1PeriphResetCmd>
 8000782:	e7f3      	b.n	800076c <USART_DeInit+0x20>
 8000784:	2080      	movs	r0, #128	; 0x80
 8000786:	01c0      	lsls	r0, r0, #7
 8000788:	2101      	movs	r1, #1
 800078a:	f7ff ff6b 	bl	8000664 <RCC_APB2PeriphResetCmd>
 800078e:	2080      	movs	r0, #128	; 0x80
 8000790:	01c0      	lsls	r0, r0, #7
 8000792:	2100      	movs	r1, #0
 8000794:	f7ff ff66 	bl	8000664 <RCC_APB2PeriphResetCmd>
 8000798:	e7e8      	b.n	800076c <USART_DeInit+0x20>
 800079a:	2080      	movs	r0, #128	; 0x80
 800079c:	0280      	lsls	r0, r0, #10
 800079e:	2101      	movs	r1, #1
 80007a0:	f7ff ff6c 	bl	800067c <RCC_APB1PeriphResetCmd>
 80007a4:	2080      	movs	r0, #128	; 0x80
 80007a6:	0280      	lsls	r0, r0, #10
 80007a8:	2100      	movs	r1, #0
 80007aa:	f7ff ff67 	bl	800067c <RCC_APB1PeriphResetCmd>
 80007ae:	e7dd      	b.n	800076c <USART_DeInit+0x20>
 80007b0:	2080      	movs	r0, #128	; 0x80
 80007b2:	02c0      	lsls	r0, r0, #11
 80007b4:	2101      	movs	r1, #1
 80007b6:	f7ff ff61 	bl	800067c <RCC_APB1PeriphResetCmd>
 80007ba:	2080      	movs	r0, #128	; 0x80
 80007bc:	02c0      	lsls	r0, r0, #11
 80007be:	2100      	movs	r1, #0
 80007c0:	f7ff ff5c 	bl	800067c <RCC_APB1PeriphResetCmd>
 80007c4:	e7d2      	b.n	800076c <USART_DeInit+0x20>
 80007c6:	2080      	movs	r0, #128	; 0x80
 80007c8:	0300      	lsls	r0, r0, #12
 80007ca:	2101      	movs	r1, #1
 80007cc:	f7ff ff56 	bl	800067c <RCC_APB1PeriphResetCmd>
 80007d0:	2080      	movs	r0, #128	; 0x80
 80007d2:	0300      	lsls	r0, r0, #12
 80007d4:	2100      	movs	r1, #0
 80007d6:	f7ff ff51 	bl	800067c <RCC_APB1PeriphResetCmd>
 80007da:	e7c7      	b.n	800076c <USART_DeInit+0x20>
 80007dc:	40013800 	.word	0x40013800
 80007e0:	40004400 	.word	0x40004400
 80007e4:	40004800 	.word	0x40004800
 80007e8:	40004c00 	.word	0x40004c00
 80007ec:	40005000 	.word	0x40005000

080007f0 <USART_Init>:
 80007f0:	b570      	push	{r4, r5, r6, lr}
 80007f2:	4b2e      	ldr	r3, [pc, #184]	; (80008ac <USART_Init+0xbc>)
 80007f4:	8a02      	ldrh	r2, [r0, #16]
 80007f6:	1c0d      	adds	r5, r1, #0
 80007f8:	4013      	ands	r3, r2
 80007fa:	88ca      	ldrh	r2, [r1, #6]
 80007fc:	8909      	ldrh	r1, [r1, #8]
 80007fe:	4313      	orrs	r3, r2
 8000800:	8203      	strh	r3, [r0, #16]
 8000802:	8982      	ldrh	r2, [r0, #12]
 8000804:	4b2a      	ldr	r3, [pc, #168]	; (80008b0 <USART_Init+0xc0>)
 8000806:	b084      	sub	sp, #16
 8000808:	401a      	ands	r2, r3
 800080a:	88ab      	ldrh	r3, [r5, #4]
 800080c:	1c04      	adds	r4, r0, #0
 800080e:	430b      	orrs	r3, r1
 8000810:	8969      	ldrh	r1, [r5, #10]
 8000812:	430b      	orrs	r3, r1
 8000814:	4313      	orrs	r3, r2
 8000816:	8183      	strh	r3, [r0, #12]
 8000818:	8a82      	ldrh	r2, [r0, #20]
 800081a:	4b26      	ldr	r3, [pc, #152]	; (80008b4 <USART_Init+0xc4>)
 800081c:	4013      	ands	r3, r2
 800081e:	89aa      	ldrh	r2, [r5, #12]
 8000820:	4313      	orrs	r3, r2
 8000822:	8283      	strh	r3, [r0, #20]
 8000824:	4668      	mov	r0, sp
 8000826:	f7ff fe65 	bl	80004f4 <RCC_GetClocksFreq>
 800082a:	4b23      	ldr	r3, [pc, #140]	; (80008b8 <USART_Init+0xc8>)
 800082c:	429c      	cmp	r4, r3
 800082e:	d03b      	beq.n	80008a8 <USART_Init+0xb8>
 8000830:	9b02      	ldr	r3, [sp, #8]
 8000832:	89a2      	ldrh	r2, [r4, #12]
 8000834:	b212      	sxth	r2, r2
 8000836:	2a00      	cmp	r2, #0
 8000838:	db22      	blt.n	8000880 <USART_Init+0x90>
 800083a:	009a      	lsls	r2, r3, #2
 800083c:	18d3      	adds	r3, r2, r3
 800083e:	6829      	ldr	r1, [r5, #0]
 8000840:	0098      	lsls	r0, r3, #2
 8000842:	1818      	adds	r0, r3, r0
 8000844:	0089      	lsls	r1, r1, #2
 8000846:	f000 f96b 	bl	8000b20 <__aeabi_uidiv>
 800084a:	1c05      	adds	r5, r0, #0
 800084c:	1c28      	adds	r0, r5, #0
 800084e:	2164      	movs	r1, #100	; 0x64
 8000850:	f000 f966 	bl	8000b20 <__aeabi_uidiv>
 8000854:	0106      	lsls	r6, r0, #4
 8000856:	0933      	lsrs	r3, r6, #4
 8000858:	2264      	movs	r2, #100	; 0x64
 800085a:	4353      	muls	r3, r2
 800085c:	1aed      	subs	r5, r5, r3
 800085e:	89a3      	ldrh	r3, [r4, #12]
 8000860:	b21b      	sxth	r3, r3
 8000862:	2b00      	cmp	r3, #0
 8000864:	db16      	blt.n	8000894 <USART_Init+0xa4>
 8000866:	012d      	lsls	r5, r5, #4
 8000868:	1c28      	adds	r0, r5, #0
 800086a:	3032      	adds	r0, #50	; 0x32
 800086c:	2164      	movs	r1, #100	; 0x64
 800086e:	f000 f957 	bl	8000b20 <__aeabi_uidiv>
 8000872:	230f      	movs	r3, #15
 8000874:	4018      	ands	r0, r3
 8000876:	4306      	orrs	r6, r0
 8000878:	b2b6      	uxth	r6, r6
 800087a:	8126      	strh	r6, [r4, #8]
 800087c:	b004      	add	sp, #16
 800087e:	bd70      	pop	{r4, r5, r6, pc}
 8000880:	009a      	lsls	r2, r3, #2
 8000882:	18d3      	adds	r3, r2, r3
 8000884:	6829      	ldr	r1, [r5, #0]
 8000886:	0098      	lsls	r0, r3, #2
 8000888:	1818      	adds	r0, r3, r0
 800088a:	0049      	lsls	r1, r1, #1
 800088c:	f000 f948 	bl	8000b20 <__aeabi_uidiv>
 8000890:	1c05      	adds	r5, r0, #0
 8000892:	e7db      	b.n	800084c <USART_Init+0x5c>
 8000894:	00ed      	lsls	r5, r5, #3
 8000896:	1c28      	adds	r0, r5, #0
 8000898:	3032      	adds	r0, #50	; 0x32
 800089a:	2164      	movs	r1, #100	; 0x64
 800089c:	f000 f940 	bl	8000b20 <__aeabi_uidiv>
 80008a0:	2307      	movs	r3, #7
 80008a2:	4018      	ands	r0, r3
 80008a4:	4306      	orrs	r6, r0
 80008a6:	e7e7      	b.n	8000878 <USART_Init+0x88>
 80008a8:	9b03      	ldr	r3, [sp, #12]
 80008aa:	e7c2      	b.n	8000832 <USART_Init+0x42>
 80008ac:	ffffcfff 	.word	0xffffcfff
 80008b0:	ffffe9f3 	.word	0xffffe9f3
 80008b4:	fffffcff 	.word	0xfffffcff
 80008b8:	40013800 	.word	0x40013800

080008bc <USART_StructInit>:
 80008bc:	2396      	movs	r3, #150	; 0x96
 80008be:	019b      	lsls	r3, r3, #6
 80008c0:	6003      	str	r3, [r0, #0]
 80008c2:	220c      	movs	r2, #12
 80008c4:	2300      	movs	r3, #0
 80008c6:	8083      	strh	r3, [r0, #4]
 80008c8:	80c3      	strh	r3, [r0, #6]
 80008ca:	8103      	strh	r3, [r0, #8]
 80008cc:	8142      	strh	r2, [r0, #10]
 80008ce:	8183      	strh	r3, [r0, #12]
 80008d0:	4770      	bx	lr
 80008d2:	46c0      	nop			; (mov r8, r8)

080008d4 <USART_ClockInit>:
 80008d4:	8a02      	ldrh	r2, [r0, #16]
 80008d6:	4b06      	ldr	r3, [pc, #24]	; (80008f0 <USART_ClockInit+0x1c>)
 80008d8:	b510      	push	{r4, lr}
 80008da:	401a      	ands	r2, r3
 80008dc:	884c      	ldrh	r4, [r1, #2]
 80008de:	880b      	ldrh	r3, [r1, #0]
 80008e0:	4323      	orrs	r3, r4
 80008e2:	888c      	ldrh	r4, [r1, #4]
 80008e4:	88c9      	ldrh	r1, [r1, #6]
 80008e6:	4323      	orrs	r3, r4
 80008e8:	430b      	orrs	r3, r1
 80008ea:	4313      	orrs	r3, r2
 80008ec:	8203      	strh	r3, [r0, #16]
 80008ee:	bd10      	pop	{r4, pc}
 80008f0:	fffff0ff 	.word	0xfffff0ff

080008f4 <USART_ClockStructInit>:
 80008f4:	2300      	movs	r3, #0
 80008f6:	8003      	strh	r3, [r0, #0]
 80008f8:	8043      	strh	r3, [r0, #2]
 80008fa:	8083      	strh	r3, [r0, #4]
 80008fc:	80c3      	strh	r3, [r0, #6]
 80008fe:	4770      	bx	lr

08000900 <USART_Cmd>:
 8000900:	8982      	ldrh	r2, [r0, #12]
 8000902:	2900      	cmp	r1, #0
 8000904:	d103      	bne.n	800090e <USART_Cmd+0xe>
 8000906:	4b04      	ldr	r3, [pc, #16]	; (8000918 <USART_Cmd+0x18>)
 8000908:	4013      	ands	r3, r2
 800090a:	8183      	strh	r3, [r0, #12]
 800090c:	4770      	bx	lr
 800090e:	2380      	movs	r3, #128	; 0x80
 8000910:	019b      	lsls	r3, r3, #6
 8000912:	4313      	orrs	r3, r2
 8000914:	8183      	strh	r3, [r0, #12]
 8000916:	e7f9      	b.n	800090c <USART_Cmd+0xc>
 8000918:	ffffdfff 	.word	0xffffdfff

0800091c <USART_SetPrescaler>:
 800091c:	8b03      	ldrh	r3, [r0, #24]
 800091e:	22ff      	movs	r2, #255	; 0xff
 8000920:	4393      	bics	r3, r2
 8000922:	8303      	strh	r3, [r0, #24]
 8000924:	8b03      	ldrh	r3, [r0, #24]
 8000926:	4319      	orrs	r1, r3
 8000928:	8301      	strh	r1, [r0, #24]
 800092a:	4770      	bx	lr

0800092c <USART_OverSampling8Cmd>:
 800092c:	2900      	cmp	r1, #0
 800092e:	d104      	bne.n	800093a <USART_OverSampling8Cmd+0xe>
 8000930:	8983      	ldrh	r3, [r0, #12]
 8000932:	045b      	lsls	r3, r3, #17
 8000934:	0c5b      	lsrs	r3, r3, #17
 8000936:	8183      	strh	r3, [r0, #12]
 8000938:	4770      	bx	lr
 800093a:	8982      	ldrh	r2, [r0, #12]
 800093c:	2380      	movs	r3, #128	; 0x80
 800093e:	021b      	lsls	r3, r3, #8
 8000940:	4313      	orrs	r3, r2
 8000942:	8183      	strh	r3, [r0, #12]
 8000944:	e7f8      	b.n	8000938 <USART_OverSampling8Cmd+0xc>
 8000946:	46c0      	nop			; (mov r8, r8)

08000948 <USART_OneBitMethodCmd>:
 8000948:	8a82      	ldrh	r2, [r0, #20]
 800094a:	2900      	cmp	r1, #0
 800094c:	d103      	bne.n	8000956 <USART_OneBitMethodCmd+0xe>
 800094e:	4b04      	ldr	r3, [pc, #16]	; (8000960 <USART_OneBitMethodCmd+0x18>)
 8000950:	4013      	ands	r3, r2
 8000952:	8283      	strh	r3, [r0, #20]
 8000954:	4770      	bx	lr
 8000956:	2380      	movs	r3, #128	; 0x80
 8000958:	011b      	lsls	r3, r3, #4
 800095a:	4313      	orrs	r3, r2
 800095c:	8283      	strh	r3, [r0, #20]
 800095e:	e7f9      	b.n	8000954 <USART_OneBitMethodCmd+0xc>
 8000960:	fffff7ff 	.word	0xfffff7ff

08000964 <USART_SendData>:
 8000964:	05c9      	lsls	r1, r1, #23
 8000966:	0dc9      	lsrs	r1, r1, #23
 8000968:	8081      	strh	r1, [r0, #4]
 800096a:	4770      	bx	lr

0800096c <USART_ReceiveData>:
 800096c:	8880      	ldrh	r0, [r0, #4]
 800096e:	05c0      	lsls	r0, r0, #23
 8000970:	0dc0      	lsrs	r0, r0, #23
 8000972:	4770      	bx	lr

08000974 <USART_SetAddress>:
 8000974:	8a03      	ldrh	r3, [r0, #16]
 8000976:	220f      	movs	r2, #15
 8000978:	4393      	bics	r3, r2
 800097a:	8203      	strh	r3, [r0, #16]
 800097c:	8a03      	ldrh	r3, [r0, #16]
 800097e:	4319      	orrs	r1, r3
 8000980:	8201      	strh	r1, [r0, #16]
 8000982:	4770      	bx	lr

08000984 <USART_ReceiverWakeUpCmd>:
 8000984:	2900      	cmp	r1, #0
 8000986:	d104      	bne.n	8000992 <USART_ReceiverWakeUpCmd+0xe>
 8000988:	8983      	ldrh	r3, [r0, #12]
 800098a:	2202      	movs	r2, #2
 800098c:	4393      	bics	r3, r2
 800098e:	8183      	strh	r3, [r0, #12]
 8000990:	4770      	bx	lr
 8000992:	8982      	ldrh	r2, [r0, #12]
 8000994:	2302      	movs	r3, #2
 8000996:	4313      	orrs	r3, r2
 8000998:	8183      	strh	r3, [r0, #12]
 800099a:	e7f9      	b.n	8000990 <USART_ReceiverWakeUpCmd+0xc>

0800099c <USART_WakeUpConfig>:
 800099c:	8982      	ldrh	r2, [r0, #12]
 800099e:	4b03      	ldr	r3, [pc, #12]	; (80009ac <USART_WakeUpConfig+0x10>)
 80009a0:	4013      	ands	r3, r2
 80009a2:	8183      	strh	r3, [r0, #12]
 80009a4:	8983      	ldrh	r3, [r0, #12]
 80009a6:	4319      	orrs	r1, r3
 80009a8:	8181      	strh	r1, [r0, #12]
 80009aa:	4770      	bx	lr
 80009ac:	fffff7ff 	.word	0xfffff7ff

080009b0 <USART_LINBreakDetectLengthConfig>:
 80009b0:	8a03      	ldrh	r3, [r0, #16]
 80009b2:	2220      	movs	r2, #32
 80009b4:	4393      	bics	r3, r2
 80009b6:	8203      	strh	r3, [r0, #16]
 80009b8:	8a03      	ldrh	r3, [r0, #16]
 80009ba:	4319      	orrs	r1, r3
 80009bc:	8201      	strh	r1, [r0, #16]
 80009be:	4770      	bx	lr

080009c0 <USART_LINCmd>:
 80009c0:	8a02      	ldrh	r2, [r0, #16]
 80009c2:	2900      	cmp	r1, #0
 80009c4:	d103      	bne.n	80009ce <USART_LINCmd+0xe>
 80009c6:	4b04      	ldr	r3, [pc, #16]	; (80009d8 <USART_LINCmd+0x18>)
 80009c8:	4013      	ands	r3, r2
 80009ca:	8203      	strh	r3, [r0, #16]
 80009cc:	4770      	bx	lr
 80009ce:	2380      	movs	r3, #128	; 0x80
 80009d0:	01db      	lsls	r3, r3, #7
 80009d2:	4313      	orrs	r3, r2
 80009d4:	8203      	strh	r3, [r0, #16]
 80009d6:	e7f9      	b.n	80009cc <USART_LINCmd+0xc>
 80009d8:	ffffbfff 	.word	0xffffbfff

080009dc <USART_SendBreak>:
 80009dc:	8982      	ldrh	r2, [r0, #12]
 80009de:	2301      	movs	r3, #1
 80009e0:	4313      	orrs	r3, r2
 80009e2:	8183      	strh	r3, [r0, #12]
 80009e4:	4770      	bx	lr
 80009e6:	46c0      	nop			; (mov r8, r8)

080009e8 <USART_HalfDuplexCmd>:
 80009e8:	2900      	cmp	r1, #0
 80009ea:	d104      	bne.n	80009f6 <USART_HalfDuplexCmd+0xe>
 80009ec:	8a83      	ldrh	r3, [r0, #20]
 80009ee:	2208      	movs	r2, #8
 80009f0:	4393      	bics	r3, r2
 80009f2:	8283      	strh	r3, [r0, #20]
 80009f4:	4770      	bx	lr
 80009f6:	8a82      	ldrh	r2, [r0, #20]
 80009f8:	2308      	movs	r3, #8
 80009fa:	4313      	orrs	r3, r2
 80009fc:	8283      	strh	r3, [r0, #20]
 80009fe:	e7f9      	b.n	80009f4 <USART_HalfDuplexCmd+0xc>

08000a00 <USART_SetGuardTime>:
 8000a00:	8b03      	ldrh	r3, [r0, #24]
 8000a02:	22ff      	movs	r2, #255	; 0xff
 8000a04:	4013      	ands	r3, r2
 8000a06:	8303      	strh	r3, [r0, #24]
 8000a08:	8b03      	ldrh	r3, [r0, #24]
 8000a0a:	0209      	lsls	r1, r1, #8
 8000a0c:	4319      	orrs	r1, r3
 8000a0e:	8301      	strh	r1, [r0, #24]
 8000a10:	4770      	bx	lr
 8000a12:	46c0      	nop			; (mov r8, r8)

08000a14 <USART_SmartCardCmd>:
 8000a14:	2900      	cmp	r1, #0
 8000a16:	d104      	bne.n	8000a22 <USART_SmartCardCmd+0xe>
 8000a18:	8a83      	ldrh	r3, [r0, #20]
 8000a1a:	2220      	movs	r2, #32
 8000a1c:	4393      	bics	r3, r2
 8000a1e:	8283      	strh	r3, [r0, #20]
 8000a20:	4770      	bx	lr
 8000a22:	8a82      	ldrh	r2, [r0, #20]
 8000a24:	2320      	movs	r3, #32
 8000a26:	4313      	orrs	r3, r2
 8000a28:	8283      	strh	r3, [r0, #20]
 8000a2a:	e7f9      	b.n	8000a20 <USART_SmartCardCmd+0xc>

08000a2c <USART_SmartCardNACKCmd>:
 8000a2c:	2900      	cmp	r1, #0
 8000a2e:	d104      	bne.n	8000a3a <USART_SmartCardNACKCmd+0xe>
 8000a30:	8a83      	ldrh	r3, [r0, #20]
 8000a32:	2210      	movs	r2, #16
 8000a34:	4393      	bics	r3, r2
 8000a36:	8283      	strh	r3, [r0, #20]
 8000a38:	4770      	bx	lr
 8000a3a:	8a82      	ldrh	r2, [r0, #20]
 8000a3c:	2310      	movs	r3, #16
 8000a3e:	4313      	orrs	r3, r2
 8000a40:	8283      	strh	r3, [r0, #20]
 8000a42:	e7f9      	b.n	8000a38 <USART_SmartCardNACKCmd+0xc>

08000a44 <USART_IrDAConfig>:
 8000a44:	8a83      	ldrh	r3, [r0, #20]
 8000a46:	2204      	movs	r2, #4
 8000a48:	4393      	bics	r3, r2
 8000a4a:	8283      	strh	r3, [r0, #20]
 8000a4c:	8a83      	ldrh	r3, [r0, #20]
 8000a4e:	4319      	orrs	r1, r3
 8000a50:	8281      	strh	r1, [r0, #20]
 8000a52:	4770      	bx	lr

08000a54 <USART_IrDACmd>:
 8000a54:	2900      	cmp	r1, #0
 8000a56:	d104      	bne.n	8000a62 <USART_IrDACmd+0xe>
 8000a58:	8a83      	ldrh	r3, [r0, #20]
 8000a5a:	2202      	movs	r2, #2
 8000a5c:	4393      	bics	r3, r2
 8000a5e:	8283      	strh	r3, [r0, #20]
 8000a60:	4770      	bx	lr
 8000a62:	8a82      	ldrh	r2, [r0, #20]
 8000a64:	2302      	movs	r3, #2
 8000a66:	4313      	orrs	r3, r2
 8000a68:	8283      	strh	r3, [r0, #20]
 8000a6a:	e7f9      	b.n	8000a60 <USART_IrDACmd+0xc>

08000a6c <USART_DMACmd>:
 8000a6c:	8a83      	ldrh	r3, [r0, #20]
 8000a6e:	2a00      	cmp	r2, #0
 8000a70:	d102      	bne.n	8000a78 <USART_DMACmd+0xc>
 8000a72:	438b      	bics	r3, r1
 8000a74:	8283      	strh	r3, [r0, #20]
 8000a76:	4770      	bx	lr
 8000a78:	4319      	orrs	r1, r3
 8000a7a:	8281      	strh	r1, [r0, #20]
 8000a7c:	e7fb      	b.n	8000a76 <USART_DMACmd+0xa>
 8000a7e:	46c0      	nop			; (mov r8, r8)

08000a80 <USART_ITConfig>:
 8000a80:	231f      	movs	r3, #31
 8000a82:	b510      	push	{r4, lr}
 8000a84:	b2cc      	uxtb	r4, r1
 8000a86:	4019      	ands	r1, r3
 8000a88:	2301      	movs	r3, #1
 8000a8a:	408b      	lsls	r3, r1
 8000a8c:	1c19      	adds	r1, r3, #0
 8000a8e:	0964      	lsrs	r4, r4, #5
 8000a90:	1c03      	adds	r3, r0, #0
 8000a92:	2c01      	cmp	r4, #1
 8000a94:	d00c      	beq.n	8000ab0 <USART_ITConfig+0x30>
 8000a96:	3314      	adds	r3, #20
 8000a98:	2c02      	cmp	r4, #2
 8000a9a:	d00b      	beq.n	8000ab4 <USART_ITConfig+0x34>
 8000a9c:	2a00      	cmp	r2, #0
 8000a9e:	d103      	bne.n	8000aa8 <USART_ITConfig+0x28>
 8000aa0:	681a      	ldr	r2, [r3, #0]
 8000aa2:	438a      	bics	r2, r1
 8000aa4:	601a      	str	r2, [r3, #0]
 8000aa6:	bd10      	pop	{r4, pc}
 8000aa8:	681a      	ldr	r2, [r3, #0]
 8000aaa:	4311      	orrs	r1, r2
 8000aac:	6019      	str	r1, [r3, #0]
 8000aae:	e7fa      	b.n	8000aa6 <USART_ITConfig+0x26>
 8000ab0:	330c      	adds	r3, #12
 8000ab2:	e7f3      	b.n	8000a9c <USART_ITConfig+0x1c>
 8000ab4:	3b04      	subs	r3, #4
 8000ab6:	e7f1      	b.n	8000a9c <USART_ITConfig+0x1c>

08000ab8 <USART_GetFlagStatus>:
 8000ab8:	8800      	ldrh	r0, [r0, #0]
 8000aba:	4008      	ands	r0, r1
 8000abc:	1e43      	subs	r3, r0, #1
 8000abe:	4198      	sbcs	r0, r3
 8000ac0:	b2c0      	uxtb	r0, r0
 8000ac2:	4770      	bx	lr

08000ac4 <USART_ClearFlag>:
 8000ac4:	43c9      	mvns	r1, r1
 8000ac6:	b289      	uxth	r1, r1
 8000ac8:	8001      	strh	r1, [r0, #0]
 8000aca:	4770      	bx	lr

08000acc <USART_GetITStatus>:
 8000acc:	221f      	movs	r2, #31
 8000ace:	400a      	ands	r2, r1
 8000ad0:	b510      	push	{r4, lr}
 8000ad2:	2401      	movs	r4, #1
 8000ad4:	b2cb      	uxtb	r3, r1
 8000ad6:	4094      	lsls	r4, r2
 8000ad8:	095b      	lsrs	r3, r3, #5
 8000ada:	1c22      	adds	r2, r4, #0
 8000adc:	2b01      	cmp	r3, #1
 8000ade:	d010      	beq.n	8000b02 <USART_GetITStatus+0x36>
 8000ae0:	2b02      	cmp	r3, #2
 8000ae2:	d011      	beq.n	8000b08 <USART_GetITStatus+0x3c>
 8000ae4:	8a84      	ldrh	r4, [r0, #20]
 8000ae6:	4022      	ands	r2, r4
 8000ae8:	8800      	ldrh	r0, [r0, #0]
 8000aea:	b283      	uxth	r3, r0
 8000aec:	2000      	movs	r0, #0
 8000aee:	2a00      	cmp	r2, #0
 8000af0:	d006      	beq.n	8000b00 <USART_GetITStatus+0x34>
 8000af2:	0a09      	lsrs	r1, r1, #8
 8000af4:	2001      	movs	r0, #1
 8000af6:	4088      	lsls	r0, r1
 8000af8:	4003      	ands	r3, r0
 8000afa:	1e58      	subs	r0, r3, #1
 8000afc:	4183      	sbcs	r3, r0
 8000afe:	b2d8      	uxtb	r0, r3
 8000b00:	bd10      	pop	{r4, pc}
 8000b02:	8984      	ldrh	r4, [r0, #12]
 8000b04:	4022      	ands	r2, r4
 8000b06:	e7ef      	b.n	8000ae8 <USART_GetITStatus+0x1c>
 8000b08:	8a04      	ldrh	r4, [r0, #16]
 8000b0a:	4022      	ands	r2, r4
 8000b0c:	e7ec      	b.n	8000ae8 <USART_GetITStatus+0x1c>
 8000b0e:	46c0      	nop			; (mov r8, r8)

08000b10 <USART_ClearITPendingBit>:
 8000b10:	0a09      	lsrs	r1, r1, #8
 8000b12:	2301      	movs	r3, #1
 8000b14:	408b      	lsls	r3, r1
 8000b16:	43d9      	mvns	r1, r3
 8000b18:	b289      	uxth	r1, r1
 8000b1a:	8001      	strh	r1, [r0, #0]
 8000b1c:	4770      	bx	lr
 8000b1e:	46c0      	nop			; (mov r8, r8)

08000b20 <__aeabi_uidiv>:
 8000b20:	2900      	cmp	r1, #0
 8000b22:	d034      	beq.n	8000b8e <.udivsi3_skip_div0_test+0x6a>

08000b24 <.udivsi3_skip_div0_test>:
 8000b24:	2301      	movs	r3, #1
 8000b26:	2200      	movs	r2, #0
 8000b28:	b410      	push	{r4}
 8000b2a:	4288      	cmp	r0, r1
 8000b2c:	d32c      	bcc.n	8000b88 <.udivsi3_skip_div0_test+0x64>
 8000b2e:	2401      	movs	r4, #1
 8000b30:	0724      	lsls	r4, r4, #28
 8000b32:	42a1      	cmp	r1, r4
 8000b34:	d204      	bcs.n	8000b40 <.udivsi3_skip_div0_test+0x1c>
 8000b36:	4281      	cmp	r1, r0
 8000b38:	d202      	bcs.n	8000b40 <.udivsi3_skip_div0_test+0x1c>
 8000b3a:	0109      	lsls	r1, r1, #4
 8000b3c:	011b      	lsls	r3, r3, #4
 8000b3e:	e7f8      	b.n	8000b32 <.udivsi3_skip_div0_test+0xe>
 8000b40:	00e4      	lsls	r4, r4, #3
 8000b42:	42a1      	cmp	r1, r4
 8000b44:	d204      	bcs.n	8000b50 <.udivsi3_skip_div0_test+0x2c>
 8000b46:	4281      	cmp	r1, r0
 8000b48:	d202      	bcs.n	8000b50 <.udivsi3_skip_div0_test+0x2c>
 8000b4a:	0049      	lsls	r1, r1, #1
 8000b4c:	005b      	lsls	r3, r3, #1
 8000b4e:	e7f8      	b.n	8000b42 <.udivsi3_skip_div0_test+0x1e>
 8000b50:	4288      	cmp	r0, r1
 8000b52:	d301      	bcc.n	8000b58 <.udivsi3_skip_div0_test+0x34>
 8000b54:	1a40      	subs	r0, r0, r1
 8000b56:	431a      	orrs	r2, r3
 8000b58:	084c      	lsrs	r4, r1, #1
 8000b5a:	42a0      	cmp	r0, r4
 8000b5c:	d302      	bcc.n	8000b64 <.udivsi3_skip_div0_test+0x40>
 8000b5e:	1b00      	subs	r0, r0, r4
 8000b60:	085c      	lsrs	r4, r3, #1
 8000b62:	4322      	orrs	r2, r4
 8000b64:	088c      	lsrs	r4, r1, #2
 8000b66:	42a0      	cmp	r0, r4
 8000b68:	d302      	bcc.n	8000b70 <.udivsi3_skip_div0_test+0x4c>
 8000b6a:	1b00      	subs	r0, r0, r4
 8000b6c:	089c      	lsrs	r4, r3, #2
 8000b6e:	4322      	orrs	r2, r4
 8000b70:	08cc      	lsrs	r4, r1, #3
 8000b72:	42a0      	cmp	r0, r4
 8000b74:	d302      	bcc.n	8000b7c <.udivsi3_skip_div0_test+0x58>
 8000b76:	1b00      	subs	r0, r0, r4
 8000b78:	08dc      	lsrs	r4, r3, #3
 8000b7a:	4322      	orrs	r2, r4
 8000b7c:	2800      	cmp	r0, #0
 8000b7e:	d003      	beq.n	8000b88 <.udivsi3_skip_div0_test+0x64>
 8000b80:	091b      	lsrs	r3, r3, #4
 8000b82:	d001      	beq.n	8000b88 <.udivsi3_skip_div0_test+0x64>
 8000b84:	0909      	lsrs	r1, r1, #4
 8000b86:	e7e3      	b.n	8000b50 <.udivsi3_skip_div0_test+0x2c>
 8000b88:	1c10      	adds	r0, r2, #0
 8000b8a:	bc10      	pop	{r4}
 8000b8c:	4770      	bx	lr
 8000b8e:	2800      	cmp	r0, #0
 8000b90:	d001      	beq.n	8000b96 <.udivsi3_skip_div0_test+0x72>
 8000b92:	2000      	movs	r0, #0
 8000b94:	43c0      	mvns	r0, r0
 8000b96:	b407      	push	{r0, r1, r2}
 8000b98:	4802      	ldr	r0, [pc, #8]	; (8000ba4 <.udivsi3_skip_div0_test+0x80>)
 8000b9a:	a102      	add	r1, pc, #8	; (adr r1, 8000ba4 <.udivsi3_skip_div0_test+0x80>)
 8000b9c:	1840      	adds	r0, r0, r1
 8000b9e:	9002      	str	r0, [sp, #8]
 8000ba0:	bd03      	pop	{r0, r1, pc}
 8000ba2:	46c0      	nop			; (mov r8, r8)
 8000ba4:	00000019 	.word	0x00000019

08000ba8 <__aeabi_uidivmod>:
 8000ba8:	2900      	cmp	r1, #0
 8000baa:	d0f0      	beq.n	8000b8e <.udivsi3_skip_div0_test+0x6a>
 8000bac:	b503      	push	{r0, r1, lr}
 8000bae:	f7ff ffb9 	bl	8000b24 <.udivsi3_skip_div0_test>
 8000bb2:	bc0e      	pop	{r1, r2, r3}
 8000bb4:	4342      	muls	r2, r0
 8000bb6:	1a89      	subs	r1, r1, r2
 8000bb8:	4718      	bx	r3
 8000bba:	46c0      	nop			; (mov r8, r8)

08000bbc <__aeabi_idiv0>:
 8000bbc:	4770      	bx	lr
 8000bbe:	46c0      	nop			; (mov r8, r8)

08000bc0 <usart_write>:

// RX = PA10
// TX = PA9

void usart_write(uint8_t ch)
{
 8000bc0:	1c01      	adds	r1, r0, #0
 8000bc2:	b508      	push	{r3, lr}
      USART_SendData(USART1, (uint8_t) ch);
 8000bc4:	4804      	ldr	r0, [pc, #16]	; (8000bd8 <usart_write+0x18>)
 8000bc6:	f7ff fecd 	bl	8000964 <USART_SendData>
      while(USART_GetFlagStatus(USART1, USART_FLAG_TC) == RESET)
 8000bca:	4803      	ldr	r0, [pc, #12]	; (8000bd8 <usart_write+0x18>)
 8000bcc:	2140      	movs	r1, #64	; 0x40
 8000bce:	f7ff ff73 	bl	8000ab8 <USART_GetFlagStatus>
 8000bd2:	2800      	cmp	r0, #0
 8000bd4:	d0f9      	beq.n	8000bca <usart_write+0xa>
      {
      }
}
 8000bd6:	bd08      	pop	{r3, pc}
 8000bd8:	40013800 	.word	0x40013800

08000bdc <usart_read>:

uint8_t usart_read(void){
 8000bdc:	b508      	push	{r3, lr}
     while ( USART_GetFlagStatus(USART1, USART_FLAG_RXNE) == RESET);
 8000bde:	4805      	ldr	r0, [pc, #20]	; (8000bf4 <usart_read+0x18>)
 8000be0:	2120      	movs	r1, #32
 8000be2:	f7ff ff69 	bl	8000ab8 <USART_GetFlagStatus>
 8000be6:	2800      	cmp	r0, #0
 8000be8:	d0f9      	beq.n	8000bde <usart_read+0x2>
        return (uint8_t)USART_ReceiveData(USART1);
 8000bea:	4802      	ldr	r0, [pc, #8]	; (8000bf4 <usart_read+0x18>)
 8000bec:	f7ff febe 	bl	800096c <USART_ReceiveData>
 8000bf0:	b2c0      	uxtb	r0, r0
}
 8000bf2:	bd08      	pop	{r3, pc}
 8000bf4:	40013800 	.word	0x40013800

08000bf8 <usart_available>:

uint8_t usart_available(void)
{
 8000bf8:	b508      	push	{r3, lr}
	if ( USART_GetFlagStatus(USART1, USART_FLAG_RXNE) == SET )
 8000bfa:	4804      	ldr	r0, [pc, #16]	; (8000c0c <usart_available+0x14>)
 8000bfc:	2120      	movs	r1, #32
 8000bfe:	f7ff ff5b 	bl	8000ab8 <USART_GetFlagStatus>
 8000c02:	3801      	subs	r0, #1
 8000c04:	4243      	negs	r3, r0
 8000c06:	4158      	adcs	r0, r3
 8000c08:	b2c0      	uxtb	r0, r0
		return 1;

	return 0;		
}
 8000c0a:	bd08      	pop	{r3, pc}
 8000c0c:	40013800 	.word	0x40013800

08000c10 <usart_print>:
 

void usart_print( char *msg )
{
 8000c10:	b570      	push	{r4, r5, r6, lr}
 8000c12:	1c05      	adds	r5, r0, #0
	int len = strlen( msg );
 8000c14:	f000 f93e 	bl	8000e94 <strlen>

	for ( int c = 0; c < len; c++ )
 8000c18:	1c2c      	adds	r4, r5, #0
}
 

void usart_print( char *msg )
{
	int len = strlen( msg );
 8000c1a:	1c06      	adds	r6, r0, #0
 8000c1c:	1b63      	subs	r3, r4, r5

	for ( int c = 0; c < len; c++ )
 8000c1e:	42b3      	cmp	r3, r6
 8000c20:	da04      	bge.n	8000c2c <usart_print+0x1c>
		usart_write( (uint8_t)*msg++ );
 8000c22:	7820      	ldrb	r0, [r4, #0]
 8000c24:	f7ff ffcc 	bl	8000bc0 <usart_write>
 8000c28:	3401      	adds	r4, #1
 8000c2a:	e7f7      	b.n	8000c1c <usart_print+0xc>
}
 8000c2c:	bd70      	pop	{r4, r5, r6, pc}
	...

08000c30 <main>:
	{
		j++;
	}
} 

int main(void) {
 8000c30:	b510      	push	{r4, lr}

        GPIO_InitTypeDef gpio_init;
        USART_InitTypeDef usart_init;
        USART_ClockInitTypeDef usart_clk_init;
 
        RCC_AHBPeriphClockCmd(RCC_AHBPeriph_GPIOA, ENABLE);
 8000c32:	2001      	movs	r0, #1
	{
		j++;
	}
} 

int main(void) {
 8000c34:	b088      	sub	sp, #32

        GPIO_InitTypeDef gpio_init;
        USART_InitTypeDef usart_init;
        USART_ClockInitTypeDef usart_clk_init;
 
        RCC_AHBPeriphClockCmd(RCC_AHBPeriph_GPIOA, ENABLE);
 8000c36:	1c01      	adds	r1, r0, #0
 8000c38:	f7ff fce4 	bl	8000604 <RCC_AHBPeriphClockCmd>
        RCC_APB2PeriphClockCmd(RCC_APB2Periph_USART1, ENABLE);
 8000c3c:	2080      	movs	r0, #128	; 0x80
 8000c3e:	01c0      	lsls	r0, r0, #7
 8000c40:	2101      	movs	r1, #1
 8000c42:	f7ff fceb 	bl	800061c <RCC_APB2PeriphClockCmd>
 
        // PA9 = Tx, PA10 = Rx
        gpio_init.GPIO_Pin = GPIO_Pin_9 | GPIO_Pin_10;
 8000c46:	23c0      	movs	r3, #192	; 0xc0
 8000c48:	00db      	lsls	r3, r3, #3
        gpio_init.GPIO_Mode = GPIO_Mode_AF;
 8000c4a:	466a      	mov	r2, sp
 
        RCC_AHBPeriphClockCmd(RCC_AHBPeriph_GPIOA, ENABLE);
        RCC_APB2PeriphClockCmd(RCC_APB2Periph_USART1, ENABLE);
 
        // PA9 = Tx, PA10 = Rx
        gpio_init.GPIO_Pin = GPIO_Pin_9 | GPIO_Pin_10;
 8000c4c:	9300      	str	r3, [sp, #0]
        gpio_init.GPIO_Mode = GPIO_Mode_AF;
 8000c4e:	2302      	movs	r3, #2
        gpio_init.GPIO_Speed = GPIO_Speed_40MHz;
        gpio_init.GPIO_OType = GPIO_OType_PP;
 8000c50:	2400      	movs	r4, #0
        RCC_AHBPeriphClockCmd(RCC_AHBPeriph_GPIOA, ENABLE);
        RCC_APB2PeriphClockCmd(RCC_APB2Periph_USART1, ENABLE);
 
        // PA9 = Tx, PA10 = Rx
        gpio_init.GPIO_Pin = GPIO_Pin_9 | GPIO_Pin_10;
        gpio_init.GPIO_Mode = GPIO_Mode_AF;
 8000c52:	7113      	strb	r3, [r2, #4]
        gpio_init.GPIO_Speed = GPIO_Speed_40MHz;
        gpio_init.GPIO_OType = GPIO_OType_PP;
        gpio_init.GPIO_PuPd = GPIO_PuPd_NOPULL;
        GPIO_Init(GPIOA, &gpio_init);
 8000c54:	481f      	ldr	r0, [pc, #124]	; (8000cd4 <main+0xa4>)
        RCC_APB2PeriphClockCmd(RCC_APB2Periph_USART1, ENABLE);
 
        // PA9 = Tx, PA10 = Rx
        gpio_init.GPIO_Pin = GPIO_Pin_9 | GPIO_Pin_10;
        gpio_init.GPIO_Mode = GPIO_Mode_AF;
        gpio_init.GPIO_Speed = GPIO_Speed_40MHz;
 8000c56:	2303      	movs	r3, #3
        gpio_init.GPIO_OType = GPIO_OType_PP;
        gpio_init.GPIO_PuPd = GPIO_PuPd_NOPULL;
        GPIO_Init(GPIOA, &gpio_init);
 8000c58:	4669      	mov	r1, sp
        RCC_APB2PeriphClockCmd(RCC_APB2Periph_USART1, ENABLE);
 
        // PA9 = Tx, PA10 = Rx
        gpio_init.GPIO_Pin = GPIO_Pin_9 | GPIO_Pin_10;
        gpio_init.GPIO_Mode = GPIO_Mode_AF;
        gpio_init.GPIO_Speed = GPIO_Speed_40MHz;
 8000c5a:	7153      	strb	r3, [r2, #5]
        gpio_init.GPIO_OType = GPIO_OType_PP;
 8000c5c:	7194      	strb	r4, [r2, #6]
        gpio_init.GPIO_PuPd = GPIO_PuPd_NOPULL;
 8000c5e:	71d4      	strb	r4, [r2, #7]
        GPIO_Init(GPIOA, &gpio_init);
 8000c60:	f7ff fac6 	bl	80001f0 <GPIO_Init>

        GPIO_PinAFConfig(GPIOA, GPIO_PinSource9, GPIO_AF_USART1);
 8000c64:	481b      	ldr	r0, [pc, #108]	; (8000cd4 <main+0xa4>)
 8000c66:	2109      	movs	r1, #9
 8000c68:	2207      	movs	r2, #7
 8000c6a:	f7ff fb5b 	bl	8000324 <GPIO_PinAFConfig>
        GPIO_PinAFConfig(GPIOA, GPIO_PinSource10, GPIO_AF_USART1);
 8000c6e:	2207      	movs	r2, #7
 8000c70:	210a      	movs	r1, #10
 8000c72:	4818      	ldr	r0, [pc, #96]	; (8000cd4 <main+0xa4>)
 8000c74:	f7ff fb56 	bl	8000324 <GPIO_PinAFConfig>
 
        USART_ClockStructInit(&usart_clk_init);
 8000c78:	a802      	add	r0, sp, #8
 8000c7a:	f7ff fe3b 	bl	80008f4 <USART_ClockStructInit>
        USART_ClockInit(USART1, &usart_clk_init);
 8000c7e:	4816      	ldr	r0, [pc, #88]	; (8000cd8 <main+0xa8>)
 8000c80:	a902      	add	r1, sp, #8
 8000c82:	f7ff fe27 	bl	80008d4 <USART_ClockInit>
 
        usart_init.USART_BaudRate =            9600;
 8000c86:	2396      	movs	r3, #150	; 0x96
 8000c88:	019b      	lsls	r3, r3, #6
 8000c8a:	a904      	add	r1, sp, #16
 8000c8c:	9304      	str	r3, [sp, #16]
        usart_init.USART_WordLength =          USART_WordLength_8b;
        usart_init.USART_StopBits =            USART_StopBits_1;
        usart_init.USART_Parity =              USART_Parity_No ;
        usart_init.USART_Mode =                USART_Mode_Rx | USART_Mode_Tx;
        usart_init.USART_HardwareFlowControl = USART_HardwareFlowControl_None;
        USART_Init(USART1, &usart_init);
 8000c8e:	4812      	ldr	r0, [pc, #72]	; (8000cd8 <main+0xa8>)
 
        usart_init.USART_BaudRate =            9600;
        usart_init.USART_WordLength =          USART_WordLength_8b;
        usart_init.USART_StopBits =            USART_StopBits_1;
        usart_init.USART_Parity =              USART_Parity_No ;
        usart_init.USART_Mode =                USART_Mode_Rx | USART_Mode_Tx;
 8000c90:	230c      	movs	r3, #12
 
        USART_ClockStructInit(&usart_clk_init);
        USART_ClockInit(USART1, &usart_clk_init);
 
        usart_init.USART_BaudRate =            9600;
        usart_init.USART_WordLength =          USART_WordLength_8b;
 8000c92:	808c      	strh	r4, [r1, #4]
        usart_init.USART_StopBits =            USART_StopBits_1;
 8000c94:	80cc      	strh	r4, [r1, #6]
        usart_init.USART_Parity =              USART_Parity_No ;
 8000c96:	810c      	strh	r4, [r1, #8]
        usart_init.USART_Mode =                USART_Mode_Rx | USART_Mode_Tx;
 8000c98:	814b      	strh	r3, [r1, #10]
        usart_init.USART_HardwareFlowControl = USART_HardwareFlowControl_None;
 8000c9a:	818c      	strh	r4, [r1, #12]
        USART_Init(USART1, &usart_init);
 8000c9c:	f7ff fda8 	bl	80007f0 <USART_Init>
        USART_Cmd(USART1,ENABLE);
 8000ca0:	480d      	ldr	r0, [pc, #52]	; (8000cd8 <main+0xa8>)
 8000ca2:	2101      	movs	r1, #1
 8000ca4:	f7ff fe2c 	bl	8000900 <USART_Cmd>
 
	    while(USART_GetFlagStatus(USART1, USART_FLAG_TC) == RESET) {}
 8000ca8:	480b      	ldr	r0, [pc, #44]	; (8000cd8 <main+0xa8>)
 8000caa:	2140      	movs	r1, #64	; 0x40
 8000cac:	f7ff ff04 	bl	8000ab8 <USART_GetFlagStatus>
 8000cb0:	2800      	cmp	r0, #0
 8000cb2:	d0f9      	beq.n	8000ca8 <main+0x78>
 
        while (1) {   

			if ( usart_available() ) // data available
 8000cb4:	f7ff ffa0 	bl	8000bf8 <usart_available>
 8000cb8:	2800      	cmp	r0, #0
 8000cba:	d0fb      	beq.n	8000cb4 <main+0x84>
			{
				usart_print( "Data Available: " );
 8000cbc:	4807      	ldr	r0, [pc, #28]	; (8000cdc <main+0xac>)
 8000cbe:	f7ff ffa7 	bl	8000c10 <usart_print>
				uint8_t ch = usart_read();
 8000cc2:	f7ff ff8b 	bl	8000bdc <usart_read>
				usart_write(ch);
 8000cc6:	f7ff ff7b 	bl	8000bc0 <usart_write>
				usart_print( "\r\n" );
 8000cca:	4805      	ldr	r0, [pc, #20]	; (8000ce0 <main+0xb0>)
 8000ccc:	f7ff ffa0 	bl	8000c10 <usart_print>
 8000cd0:	e7f0      	b.n	8000cb4 <main+0x84>
 8000cd2:	46c0      	nop			; (mov r8, r8)
 8000cd4:	40020000 	.word	0x40020000
 8000cd8:	40013800 	.word	0x40013800
 8000cdc:	08000ea4 	.word	0x08000ea4
 8000ce0:	08000eb5 	.word	0x08000eb5

08000ce4 <SystemInit>:
  * @retval None
  */
void SystemInit (void)
{
  /*!< Set MSION bit */
  RCC->CR |= (uint32_t)0x00000100;
 8000ce4:	4b3c      	ldr	r3, [pc, #240]	; (8000dd8 <SystemInit+0xf4>)
  *         SystemCoreClock variable.
  * @param  None
  * @retval None
  */
void SystemInit (void)
{
 8000ce6:	b537      	push	{r0, r1, r2, r4, r5, lr}
  /*!< Set MSION bit */
  RCC->CR |= (uint32_t)0x00000100;
 8000ce8:	6819      	ldr	r1, [r3, #0]
 8000cea:	2280      	movs	r2, #128	; 0x80
 8000cec:	0052      	lsls	r2, r2, #1
 8000cee:	430a      	orrs	r2, r1
 8000cf0:	601a      	str	r2, [r3, #0]

  /*!< Reset SW[1:0], HPRE[3:0], PPRE1[2:0], PPRE2[2:0], MCOSEL[2:0] and MCOPRE[2:0] bits */
  RCC->CFGR &= (uint32_t)0x88FFC00C;
 8000cf2:	6899      	ldr	r1, [r3, #8]
 8000cf4:	4a39      	ldr	r2, [pc, #228]	; (8000ddc <SystemInit+0xf8>)
 8000cf6:	400a      	ands	r2, r1
 8000cf8:	609a      	str	r2, [r3, #8]
  
  /*!< Reset HSION, HSEON, CSSON and PLLON bits */
  RCC->CR &= (uint32_t)0xEEFEFFFE;
 8000cfa:	6819      	ldr	r1, [r3, #0]
 8000cfc:	4a38      	ldr	r2, [pc, #224]	; (8000de0 <SystemInit+0xfc>)
 8000cfe:	400a      	ands	r2, r1
 8000d00:	601a      	str	r2, [r3, #0]

  /*!< Reset HSEBYP bit */
  RCC->CR &= (uint32_t)0xFFFBFFFF;
 8000d02:	6819      	ldr	r1, [r3, #0]
 8000d04:	4a37      	ldr	r2, [pc, #220]	; (8000de4 <SystemInit+0x100>)
 8000d06:	400a      	ands	r2, r1
 8000d08:	601a      	str	r2, [r3, #0]

  /*!< Reset PLLSRC, PLLMUL[3:0] and PLLDIV[1:0] bits */
  RCC->CFGR &= (uint32_t)0xFF02FFFF;
 8000d0a:	689a      	ldr	r2, [r3, #8]
 8000d0c:	4936      	ldr	r1, [pc, #216]	; (8000de8 <SystemInit+0x104>)
 8000d0e:	400a      	ands	r2, r1
 8000d10:	609a      	str	r2, [r3, #8]

  /*!< Disable all interrupts */
  RCC->CIR = 0x00000000;
 8000d12:	2200      	movs	r2, #0
 8000d14:	60da      	str	r2, [r3, #12]
  * @param  None
  * @retval None
  */
static void SetSysClock(void)
{
  __IO uint32_t StartUpCounter = 0, HSEStatus = 0;
 8000d16:	9200      	str	r2, [sp, #0]
 8000d18:	9201      	str	r2, [sp, #4]
  
  /* SYSCLK, HCLK, PCLK2 and PCLK1 configuration ---------------------------*/
  /* Enable HSE */
  RCC->CR |= ((uint32_t)RCC_CR_HSEON);
 8000d1a:	6818      	ldr	r0, [r3, #0]
 8000d1c:	2280      	movs	r2, #128	; 0x80
 8000d1e:	0252      	lsls	r2, r2, #9
 8000d20:	4302      	orrs	r2, r0
 8000d22:	601a      	str	r2, [r3, #0]
 8000d24:	1c08      	adds	r0, r1, #0
 
  /* Wait till HSE is ready and if Time out is reached exit */
  do
  {
    HSEStatus = RCC->CR & RCC_CR_HSERDY;
 8000d26:	6819      	ldr	r1, [r3, #0]
 8000d28:	2280      	movs	r2, #128	; 0x80
 8000d2a:	0292      	lsls	r2, r2, #10
 8000d2c:	4011      	ands	r1, r2
 8000d2e:	9101      	str	r1, [sp, #4]
    StartUpCounter++;
 8000d30:	9900      	ldr	r1, [sp, #0]
 8000d32:	3101      	adds	r1, #1
 8000d34:	9100      	str	r1, [sp, #0]
  } while((HSEStatus == 0) && (StartUpCounter != HSE_STARTUP_TIMEOUT));
 8000d36:	9901      	ldr	r1, [sp, #4]
 8000d38:	2900      	cmp	r1, #0
 8000d3a:	d104      	bne.n	8000d46 <SystemInit+0x62>
 8000d3c:	9c00      	ldr	r4, [sp, #0]
 8000d3e:	21a0      	movs	r1, #160	; 0xa0
 8000d40:	01c9      	lsls	r1, r1, #7
 8000d42:	428c      	cmp	r4, r1
 8000d44:	d1ef      	bne.n	8000d26 <SystemInit+0x42>

  if ((RCC->CR & RCC_CR_HSERDY) != RESET)
 8000d46:	6819      	ldr	r1, [r3, #0]
 8000d48:	400a      	ands	r2, r1
 8000d4a:	d000      	beq.n	8000d4e <SystemInit+0x6a>
  {
    HSEStatus = (uint32_t)0x01;
 8000d4c:	2201      	movs	r2, #1
  }
  else
  {
    HSEStatus = (uint32_t)0x00;
 8000d4e:	9201      	str	r2, [sp, #4]
  }
  
  if (HSEStatus == (uint32_t)0x01)
 8000d50:	9901      	ldr	r1, [sp, #4]
 8000d52:	2901      	cmp	r1, #1
 8000d54:	d004      	beq.n	8000d60 <SystemInit+0x7c>
  SetSysClock();

#ifdef VECT_TAB_SRAM
  SCB->VTOR = SRAM_BASE | VECT_TAB_OFFSET; /* Vector Table Relocation in Internal SRAM. */
#else
  SCB->VTOR = FLASH_BASE | VECT_TAB_OFFSET; /* Vector Table Relocation in Internal FLASH. */
 8000d56:	4b25      	ldr	r3, [pc, #148]	; (8000dec <SystemInit+0x108>)
 8000d58:	2280      	movs	r2, #128	; 0x80
 8000d5a:	0512      	lsls	r2, r2, #20
 8000d5c:	609a      	str	r2, [r3, #8]
#endif
}
 8000d5e:	bd37      	pop	{r0, r1, r2, r4, r5, pc}
  }
  
  if (HSEStatus == (uint32_t)0x01)
  {
    /* Enable 64-bit access */
    FLASH->ACR |= FLASH_ACR_ACC64;
 8000d60:	4a23      	ldr	r2, [pc, #140]	; (8000df0 <SystemInit+0x10c>)
 8000d62:	2504      	movs	r5, #4
 8000d64:	6814      	ldr	r4, [r2, #0]
 8000d66:	432c      	orrs	r4, r5
 8000d68:	6014      	str	r4, [r2, #0]
    
    /* Enable Prefetch Buffer */
    FLASH->ACR |= FLASH_ACR_PRFTEN;
 8000d6a:	6814      	ldr	r4, [r2, #0]
 8000d6c:	2502      	movs	r5, #2
 8000d6e:	432c      	orrs	r4, r5
 8000d70:	6014      	str	r4, [r2, #0]

    /* Flash 1 wait state */
    FLASH->ACR |= FLASH_ACR_LATENCY;
 8000d72:	6814      	ldr	r4, [r2, #0]
 8000d74:	4321      	orrs	r1, r4
 8000d76:	6011      	str	r1, [r2, #0]
    
    /* Power enable */
    RCC->APB1ENR |= RCC_APB1ENR_PWREN;
 8000d78:	6a59      	ldr	r1, [r3, #36]	; 0x24
 8000d7a:	2280      	movs	r2, #128	; 0x80
 8000d7c:	0552      	lsls	r2, r2, #21
 8000d7e:	430a      	orrs	r2, r1
 8000d80:	625a      	str	r2, [r3, #36]	; 0x24
  
    /* Select the Voltage Range 1 (1.8 V) */
    PWR->CR = PWR_CR_VOS_0;
 8000d82:	2180      	movs	r1, #128	; 0x80
 8000d84:	4a1b      	ldr	r2, [pc, #108]	; (8000df4 <SystemInit+0x110>)
 8000d86:	0109      	lsls	r1, r1, #4
 8000d88:	6011      	str	r1, [r2, #0]
  
    /* Wait Until the Voltage Regulator is ready */
    while((PWR->CSR & PWR_CSR_VOSF) != RESET)
 8000d8a:	6851      	ldr	r1, [r2, #4]
 8000d8c:	06cc      	lsls	r4, r1, #27
 8000d8e:	d4fc      	bmi.n	8000d8a <SystemInit+0xa6>
    {
    }
        
    /* HCLK = SYSCLK /1*/
    RCC->CFGR |= (uint32_t)RCC_CFGR_HPRE_DIV1;
 8000d90:	689a      	ldr	r2, [r3, #8]
 8000d92:	609a      	str	r2, [r3, #8]
  
    /* PCLK2 = HCLK /1*/
    RCC->CFGR |= (uint32_t)RCC_CFGR_PPRE2_DIV1;
 8000d94:	689a      	ldr	r2, [r3, #8]
 8000d96:	609a      	str	r2, [r3, #8]
    
    /* PCLK1 = HCLK /1*/
    RCC->CFGR |= (uint32_t)RCC_CFGR_PPRE1_DIV1;
 8000d98:	689a      	ldr	r2, [r3, #8]
 8000d9a:	609a      	str	r2, [r3, #8]
    
    /*  PLL configuration */
    RCC->CFGR &= (uint32_t)((uint32_t)~(RCC_CFGR_PLLSRC | RCC_CFGR_PLLMUL |
 8000d9c:	6899      	ldr	r1, [r3, #8]
                                        RCC_CFGR_PLLDIV));
    RCC->CFGR |= (uint32_t)(RCC_CFGR_PLLSRC_HSE | RCC_CFGR_PLLMUL12 | RCC_CFGR_PLLDIV3);
 8000d9e:	2291      	movs	r2, #145	; 0x91
    
    /* PCLK1 = HCLK /1*/
    RCC->CFGR |= (uint32_t)RCC_CFGR_PPRE1_DIV1;
    
    /*  PLL configuration */
    RCC->CFGR &= (uint32_t)((uint32_t)~(RCC_CFGR_PLLSRC | RCC_CFGR_PLLMUL |
 8000da0:	4001      	ands	r1, r0
 8000da2:	6099      	str	r1, [r3, #8]
                                        RCC_CFGR_PLLDIV));
    RCC->CFGR |= (uint32_t)(RCC_CFGR_PLLSRC_HSE | RCC_CFGR_PLLMUL12 | RCC_CFGR_PLLDIV3);
 8000da4:	6899      	ldr	r1, [r3, #8]
 8000da6:	0412      	lsls	r2, r2, #16
 8000da8:	430a      	orrs	r2, r1
 8000daa:	609a      	str	r2, [r3, #8]

    /* Enable PLL */
    RCC->CR |= RCC_CR_PLLON;
 8000dac:	6819      	ldr	r1, [r3, #0]
 8000dae:	2280      	movs	r2, #128	; 0x80
 8000db0:	0452      	lsls	r2, r2, #17
 8000db2:	430a      	orrs	r2, r1
 8000db4:	601a      	str	r2, [r3, #0]

    /* Wait till PLL is ready */
    while((RCC->CR & RCC_CR_PLLRDY) == 0)
 8000db6:	6819      	ldr	r1, [r3, #0]
 8000db8:	4a07      	ldr	r2, [pc, #28]	; (8000dd8 <SystemInit+0xf4>)
 8000dba:	0188      	lsls	r0, r1, #6
 8000dbc:	d5fb      	bpl.n	8000db6 <SystemInit+0xd2>
    {
    }
        
    /* Select PLL as system clock source */
    RCC->CFGR &= (uint32_t)((uint32_t)~(RCC_CFGR_SW));
 8000dbe:	6890      	ldr	r0, [r2, #8]
 8000dc0:	2103      	movs	r1, #3
 8000dc2:	4388      	bics	r0, r1
 8000dc4:	6090      	str	r0, [r2, #8]
    RCC->CFGR |= (uint32_t)RCC_CFGR_SW_PLL;
 8000dc6:	6890      	ldr	r0, [r2, #8]
 8000dc8:	4301      	orrs	r1, r0
 8000dca:	6091      	str	r1, [r2, #8]

    /* Wait till PLL is used as system clock source */
    while ((RCC->CFGR & (uint32_t)RCC_CFGR_SWS) != (uint32_t)RCC_CFGR_SWS_PLL)
 8000dcc:	6899      	ldr	r1, [r3, #8]
 8000dce:	220c      	movs	r2, #12
 8000dd0:	400a      	ands	r2, r1
 8000dd2:	2a0c      	cmp	r2, #12
 8000dd4:	d1fa      	bne.n	8000dcc <SystemInit+0xe8>
 8000dd6:	e7be      	b.n	8000d56 <SystemInit+0x72>
 8000dd8:	40023800 	.word	0x40023800
 8000ddc:	88ffc00c 	.word	0x88ffc00c
 8000de0:	eefefffe 	.word	0xeefefffe
 8000de4:	fffbffff 	.word	0xfffbffff
 8000de8:	ff02ffff 	.word	0xff02ffff
 8000dec:	e000ed00 	.word	0xe000ed00
 8000df0:	40023c00 	.word	0x40023c00
 8000df4:	40007000 	.word	0x40007000

08000df8 <Reset_Handler>:
.weak Reset_Handler
.type Reset_Handler, %function
Reset_Handler:

/* Copy the data segment initializers from flash to SRAM */
movs r1, #0
 8000df8:	2100      	movs	r1, #0
b LoopCopyDataInit
 8000dfa:	f000 b804 	b.w	8000e06 <LoopCopyDataInit>

08000dfe <CopyDataInit>:

CopyDataInit:
ldr r3, =_sidata
 8000dfe:	4b0d      	ldr	r3, [pc, #52]	; (8000e34 <LoopFillZerobss+0x16>)
ldr r3, [r3, r1]
 8000e00:	585b      	ldr	r3, [r3, r1]
str r3, [r0, r1]
 8000e02:	5043      	str	r3, [r0, r1]
adds r1, r1, #4
 8000e04:	3104      	adds	r1, #4

08000e06 <LoopCopyDataInit>:

LoopCopyDataInit:
ldr r0, =_sdata
 8000e06:	480c      	ldr	r0, [pc, #48]	; (8000e38 <LoopFillZerobss+0x1a>)
ldr r3, =_edata
 8000e08:	4b0c      	ldr	r3, [pc, #48]	; (8000e3c <LoopFillZerobss+0x1e>)
adds r2, r0, r1
 8000e0a:	1842      	adds	r2, r0, r1
cmp r2, r3
 8000e0c:	429a      	cmp	r2, r3
bcc CopyDataInit
 8000e0e:	f4ff aff6 	bcc.w	8000dfe <CopyDataInit>
ldr r2, =_sbss
 8000e12:	4a0b      	ldr	r2, [pc, #44]	; (8000e40 <LoopFillZerobss+0x22>)
b LoopFillZerobss
 8000e14:	f000 b803 	b.w	8000e1e <LoopFillZerobss>

08000e18 <FillZerobss>:
/* Zero fill the bss segment. */
FillZerobss:
movs r3, #0
 8000e18:	2300      	movs	r3, #0
str r3, [r2], #4
 8000e1a:	f842 3b04 	str.w	r3, [r2], #4

08000e1e <LoopFillZerobss>:

LoopFillZerobss:
ldr r3, = _ebss
 8000e1e:	4b09      	ldr	r3, [pc, #36]	; (8000e44 <LoopFillZerobss+0x26>)
cmp r2, r3
 8000e20:	429a      	cmp	r2, r3
bcc FillZerobss
 8000e22:	f4ff aff9 	bcc.w	8000e18 <FillZerobss>

/* Call the clock system intitialization function.*/
bl SystemInit
 8000e26:	f7ff ff5d 	bl	8000ce4 <SystemInit>
/* Call static constructors */
bl __libc_init_array
 8000e2a:	f000 f80f 	bl	8000e4c <__libc_init_array>
/* Call the application's entry point.*/
bl main
 8000e2e:	f7ff feff 	bl	8000c30 <main>
bx lr
 8000e32:	4770      	bx	lr
/* Copy the data segment initializers from flash to SRAM */
movs r1, #0
b LoopCopyDataInit

CopyDataInit:
ldr r3, =_sidata
 8000e34:	08000ed0 	.word	0x08000ed0
ldr r3, [r3, r1]
str r3, [r0, r1]
adds r1, r1, #4

LoopCopyDataInit:
ldr r0, =_sdata
 8000e38:	20000000 	.word	0x20000000
ldr r3, =_edata
 8000e3c:	2000001c 	.word	0x2000001c
adds r2, r0, r1
cmp r2, r3
bcc CopyDataInit
ldr r2, =_sbss
 8000e40:	2000001c 	.word	0x2000001c
FillZerobss:
movs r3, #0
str r3, [r2], #4

LoopFillZerobss:
ldr r3, = _ebss
 8000e44:	2000001c 	.word	0x2000001c

08000e48 <ADC1_IRQHandler>:
* @retval : None
*/
.section .text.Default_Handler,"ax",%progbits
Default_Handler:
Infinite_Loop:
b Infinite_Loop
 8000e48:	f7ff bffe 	b.w	8000e48 <ADC1_IRQHandler>

08000e4c <__libc_init_array>:
 8000e4c:	b570      	push	{r4, r5, r6, lr}
 8000e4e:	4e0d      	ldr	r6, [pc, #52]	; (8000e84 <__libc_init_array+0x38>)
 8000e50:	4d0d      	ldr	r5, [pc, #52]	; (8000e88 <__libc_init_array+0x3c>)
 8000e52:	2400      	movs	r4, #0
 8000e54:	1bad      	subs	r5, r5, r6
 8000e56:	10ad      	asrs	r5, r5, #2
 8000e58:	d005      	beq.n	8000e66 <__libc_init_array+0x1a>
 8000e5a:	00a3      	lsls	r3, r4, #2
 8000e5c:	58f3      	ldr	r3, [r6, r3]
 8000e5e:	3401      	adds	r4, #1
 8000e60:	4798      	blx	r3
 8000e62:	42a5      	cmp	r5, r4
 8000e64:	d1f9      	bne.n	8000e5a <__libc_init_array+0xe>
 8000e66:	f000 f827 	bl	8000eb8 <_init>
 8000e6a:	4e08      	ldr	r6, [pc, #32]	; (8000e8c <__libc_init_array+0x40>)
 8000e6c:	4d08      	ldr	r5, [pc, #32]	; (8000e90 <__libc_init_array+0x44>)
 8000e6e:	2400      	movs	r4, #0
 8000e70:	1bad      	subs	r5, r5, r6
 8000e72:	10ad      	asrs	r5, r5, #2
 8000e74:	d005      	beq.n	8000e82 <__libc_init_array+0x36>
 8000e76:	00a3      	lsls	r3, r4, #2
 8000e78:	58f3      	ldr	r3, [r6, r3]
 8000e7a:	3401      	adds	r4, #1
 8000e7c:	4798      	blx	r3
 8000e7e:	42a5      	cmp	r5, r4
 8000e80:	d1f9      	bne.n	8000e76 <__libc_init_array+0x2a>
 8000e82:	bd70      	pop	{r4, r5, r6, pc}
	...

08000e94 <strlen>:
 8000e94:	2300      	movs	r3, #0
 8000e96:	5cc2      	ldrb	r2, [r0, r3]
 8000e98:	3301      	adds	r3, #1
 8000e9a:	2a00      	cmp	r2, #0
 8000e9c:	d1fb      	bne.n	8000e96 <strlen+0x2>
 8000e9e:	1e58      	subs	r0, r3, #1
 8000ea0:	4770      	bx	lr
 8000ea2:	46c0      	nop			; (mov r8, r8)
 8000ea4:	61746144 	.word	0x61746144
 8000ea8:	61764120 	.word	0x61764120
 8000eac:	62616c69 	.word	0x62616c69
 8000eb0:	203a656c 	.word	0x203a656c
 8000eb4:	000a0d00 	.word	0x000a0d00

08000eb8 <_init>:
 8000eb8:	b5f8      	push	{r3, r4, r5, r6, r7, lr}
 8000eba:	46c0      	nop			; (mov r8, r8)
 8000ebc:	bcf8      	pop	{r3, r4, r5, r6, r7}
 8000ebe:	bc08      	pop	{r3}
 8000ec0:	469e      	mov	lr, r3
 8000ec2:	4770      	bx	lr

08000ec4 <_fini>:
 8000ec4:	b5f8      	push	{r3, r4, r5, r6, r7, lr}
 8000ec6:	46c0      	nop			; (mov r8, r8)
 8000ec8:	bcf8      	pop	{r3, r4, r5, r6, r7}
 8000eca:	bc08      	pop	{r3}
 8000ecc:	469e      	mov	lr, r3
 8000ece:	4770      	bx	lr
